#
# A fatal error has been detected by the Java Runtime Environment:
#
#  EXCEPTION_ACCESS_VIOLATION (0xc0000005) at pc=0x00007ffc9b18bfd9, pid=7520, tid=7528
#
# JRE version: OpenJDK Runtime Environment (11.0.12+7) (build 11.0.12+7-b1504.28-7817840)
# Java VM: OpenJDK 64-Bit Server VM (11.0.12+7-b1504.28-7817840, mixed mode, tiered, compressed oops, g1 gc, windows-amd64)
# Problematic frame:
# V  [jvm.dll+0x2dbfd9]
#
# No core dump will be written. Minidumps are not enabled by default on client versions of Windows
#
# If you would like to submit a bug report, please visit:
#   https://bugreport.java.com/bugreport/crash.jsp
#

---------------  S U M M A R Y ------------

Command Line: --add-opens=java.base/java.util=ALL-UNNAMED --add-opens=java.base/java.lang=ALL-UNNAMED --add-opens=java.base/java.lang.invoke=ALL-UNNAMED --add-opens=java.base/java.util=ALL-UNNAMED --add-opens=java.prefs/java.util.prefs=ALL-UNNAMED --add-opens=java.prefs/java.util.prefs=ALL-UNNAMED --add-opens=java.base/java.nio.charset=ALL-UNNAMED --add-opens=java.base/java.net=ALL-UNNAMED --add-opens=java.base/java.util.concurrent.atomic=ALL-UNNAMED -Xmx2048m -Dfile.encoding=UTF-8 -Duser.country=MX -Duser.language=es -Duser.variant org.gradle.launcher.daemon.bootstrap.GradleDaemon 7.3.3

Host: AMD Ryzen 5 3500U with Radeon Vega Mobile Gfx  , 8 cores, 6G,  Windows 10 , 64 bit Build 19041 (10.0.19041.2546)
Time: Thu Mar  9 20:17:44 2023 Hora estándar central (México) elapsed time: 3077.157811 seconds (0d 0h 51m 17s)

---------------  T H R E A D  ---------------

Current thread (0x000002075a5a6800):  GCTaskThread "GC Thread#5" [stack: 0x0000009d07b00000,0x0000009d07c00000] [id=7528]

Stack: [0x0000009d07b00000,0x0000009d07c00000],  sp=0x0000009d07bff5e0,  free space=1021k
Native frames: (J=compiled Java code, j=interpreted, Vv=VM code, C=native code)
V  [jvm.dll+0x2dbfd9]
V  [jvm.dll+0x2d90db]
V  [jvm.dll+0x3057ab]
V  [jvm.dll+0x3054de]
V  [jvm.dll+0x31564c]
V  [jvm.dll+0x3141fc]
V  [jvm.dll+0x2e643f]
V  [jvm.dll+0x315340]
V  [jvm.dll+0x2e5248]
V  [jvm.dll+0x757cd0]
V  [jvm.dll+0x6f26a5]
V  [jvm.dll+0x5fabf6]
C  [ucrtbase.dll+0x21bb2]
C  [KERNEL32.DLL+0x17614]
C  [ntdll.dll+0x526a1]


siginfo: EXCEPTION_ACCESS_VIOLATION (0xc0000005), reading address 0x00004584f2bea588


Register to memory mapping:

RIP=0x00007ffc9b18bfd9 jvm.dll
RAX=0x000002073e269580 points into unknown readable memory: 0x0000000000000000 | 00 00 00 00 00 00 00 00
RBX=0x0000020760cc9e40 points into unknown readable memory: 0x00007ffc9b6e44e8 | e8 44 6e 9b fc 7f 00 00
RCX=0x0000000000000014 is an unknown value
RDX=0x000002073e2e03d0 points into unknown readable memory: 0x00007ffc9b6ebe90 | 90 be 6e 9b fc 7f 00 00
RSP=0x0000009d07bff5e0 points into unknown readable memory: 0x0000000080900000 | 00 00 90 80 00 00 00 00
RBP=0x0000000080917400 is pointing into object: java.lang.Class 
{0x00000000809173d0} - klass: 'java/lang/Class'
RSI=0x0000020760cc9e40 points into unknown readable memory: 0x00007ffc9b6e44e8 | e8 44 6e 9b fc 7f 00 00
RDI=0x0000020760cc9e40 points into unknown readable memory: 0x00007ffc9b6e44e8 | e8 44 6e 9b fc 7f 00 00
R8 =0x000000008090f178 is pointing into object: [Ljava.lang.Object; 
{0x000000008090f0f8} - klass: 'java/lang/Object'[]
 - length: 36
R9 =0x0000086fb6930201 is an unknown value
R10=0x86fb693020195e4c is an unknown value
R11=0x000002b724c4f39a is an unknown value
R12=0x0 is NULL
R13=0x00000000000004b0 is an unknown value
R14=0x000002073e258d80 points into unknown readable memory: 0x00000fa600001042 | 42 10 00 00 a6 0f 00 00
R15=0x0000000000000040 is an unknown value


Registers:
RAX=0x000002073e269580, RBX=0x0000020760cc9e40, RCX=0x0000000000000014, RDX=0x000002073e2e03d0
RSP=0x0000009d07bff5e0, RBP=0x0000000080917400, RSI=0x0000020760cc9e40, RDI=0x0000020760cc9e40
R8 =0x000000008090f178, R9 =0x0000086fb6930201, R10=0x86fb693020195e4c, R11=0x000002b724c4f39a
R12=0x0000000000000000, R13=0x00000000000004b0, R14=0x000002073e258d80, R15=0x0000000000000040
RIP=0x00007ffc9b18bfd9, EFLAGS=0x0000000000010213

Top of Stack: (sp=0x0000009d07bff5e0)
0x0000009d07bff5e0:   0000000080900000 0000000000020000
0x0000009d07bff5f0:   000000008090efd8 00007ffc9b201d62
0x0000009d07bff600:   000000008090f178 00007ffc9b1890db
0x0000009d07bff610:   0000000080f00000 0000000000020000
0x0000009d07bff620:   000000008090ede0 00007ffc9b18780e
0x0000009d07bff630:   000002073e258d00 00007ffc9b1b57ab
0x0000009d07bff640:   0000000000001042 00007ffc9b1bc9a8
0x0000009d07bff650:   000000008090f000 00007ffc9b1bc798
0x0000009d07bff660:   0000000080900000 0000000000020000
0x0000009d07bff670:   0000000000000000 00007ffc9b4a5ccf
0x0000009d07bff680:   0000009d07bff720 00000000809173d0
0x0000009d07bff690:   000002073e2e03d0 00007ffc9b1c05ce
0x0000009d07bff6a0:   0000000080917400 0000000000000040
0x0000009d07bff6b0:   0000000000000040 0000000000000048
0x0000009d07bff6c0:   0000000000000000 000000000000010c
0x0000009d07bff6d0:   0000020760cc9e40 00007ffc9b1b54de 

Instructions: (pc=0x00007ffc9b18bfd9)
0x00007ffc9b18bed9:   24 30 48 8b 74 24 38 48 83 c4 20 5f c3 cc cc cc
0x00007ffc9b18bee9:   cc cc cc cc cc cc cc 48 89 5c 24 08 57 48 83 ec
0x00007ffc9b18bef9:   20 48 8b 41 18 48 8b da 48 83 cb 01 48 8b d3 48
0x00007ffc9b18bf09:   8b 78 10 48 8b cf e8 cc 7b 00 00 84 c0 75 29 48
0x00007ffc9b18bf19:   81 c7 90 00 00 00 48 8b 47 08 48 39 47 20 75 08
0x00007ffc9b18bf29:   48 8b cf e8 0f 21 07 00 48 8b 4f 20 48 8b 47 38
0x00007ffc9b18bf39:   48 89 1c c8 48 ff 47 20 48 8b 5c 24 30 48 83 c4
0x00007ffc9b18bf49:   20 5f c3 cc cc cc cc 48 89 5c 24 08 57 48 83 ec
0x00007ffc9b18bf59:   20 48 8b 79 10 48 8b da 48 83 cb 01 48 8b cf 48
0x00007ffc9b18bf69:   8b d3 e8 70 7b 00 00 84 c0 75 29 48 81 c7 90 00
0x00007ffc9b18bf79:   00 00 48 8b 47 08 48 39 47 20 75 08 48 8b cf e8
0x00007ffc9b18bf89:   b3 20 07 00 48 8b 4f 20 48 8b 47 38 48 89 1c c8
0x00007ffc9b18bf99:   48 ff 47 20 48 8b 5c 24 30 48 83 c4 20 5f c3 cc
0x00007ffc9b18bfa9:   cc cc cc cc cc cc cc 40 53 48 83 ec 20 8b 82 04
0x00007ffc9b18bfb9:   01 00 00 48 8b d9 d1 e8 a8 01 75 6b 48 8b 41 08
0x00007ffc9b18bfc9:   8b 88 c0 02 00 00 48 8b 80 b0 02 00 00 49 d3 e9
0x00007ffc9b18bfd9:   4a 8b 0c c8 48 8b 81 f8 00 00 00 83 b8 18 01 00
0x00007ffc9b18bfe9:   00 00 74 43 48 8b 4b 50 48 89 7c 24 30 49 c1 e8
0x00007ffc9b18bff9:   09 48 8b 79 48 48 2b 79 40 49 03 f8 48 8b d7 e8
0x00007ffc9b18c009:   83 c1 ff ff 84 c0 74 1a 80 7b 28 00 48 8d 4b 18
0x00007ffc9b18c019:   74 10 48 8b 43 50 48 8b 50 40 48 03 d7 e8 35 9b
0x00007ffc9b18c029:   36 00 48 8b 7c 24 30 48 83 c4 20 5b c3 cc cc cc
0x00007ffc9b18c039:   cc cc cc cc cc cc cc 48 89 5c 24 08 48 89 74 24
0x00007ffc9b18c049:   10 57 48 83 ec 20 48 63 fa 48 8d 05 e7 26 55 00
0x00007ffc9b18c059:   45 33 c0 48 89 01 48 8b f1 89 79 08 48 8b df 48
0x00007ffc9b18c069:   8d 0c fd 00 00 00 00 41 8d 50 05 e8 47 b5 dd ff
0x00007ffc9b18c079:   45 33 db 48 89 46 10 4c 8d 4e 10 4c 8b d0 45 8b
0x00007ffc9b18c089:   c3 85 ff 7e 56 83 ff 02 72 51 8d 4f ff 48 63 d1
0x00007ffc9b18c099:   48 8d 04 d0 4d 3b d1 77 05 49 3b c1 73 3d 8b c7
0x00007ffc9b18c0a9:   25 01 00 00 80 7d 07 ff c8 83 c8 fe ff c0 2b f8
0x00007ffc9b18c0b9:   0f 1f 80 00 00 00 00 41 83 c0 02 44 3b c7 7c f7
0x00007ffc9b18c0c9:   8d 47 01 49 8b fa 99 2b c2 d1 f8 48 63 c8 48 c1 


Stack slot to memory mapping:
stack at sp + 0 slots: 0x0000000080900000 is an oop: [Ljava.lang.invoke.LambdaForm$Kind; 
{0x0000000080900000} - klass: 'java/lang/invoke/LambdaForm$Kind'[]
 - length: 66
stack at sp + 1 slots: 0x0000000000020000 is an unknown value
stack at sp + 2 slots: 0x000000008090efd8 is an oop: java.lang.Class 
{0x000000008090efd8} - klass: 'java/lang/Class'
stack at sp + 3 slots: 0x00007ffc9b201d62 jvm.dll
stack at sp + 4 slots: 0x000000008090f178 is pointing into object: [Ljava.lang.Object; 
{0x000000008090f0f8} - klass: 'java/lang/Object'[]
 - length: 36
stack at sp + 5 slots: 0x00007ffc9b1890db jvm.dll
stack at sp + 6 slots: 0x0000000080f00000 is an oop: java.util.LinkedHashMap$Entry 
{0x0000000080f00000} - klass: 'java/util/LinkedHashMap$Entry'
stack at sp + 7 slots: 0x0000000000020000 is an unknown value


---------------  P R O C E S S  ---------------

Threads class SMR info:
_java_thread_list=0x0000020761296da0, length=134, elements={
0x000002073e23b800, 0x00000207586e7800, 0x00000207586d7000, 0x0000020758f44800,
0x0000020758f45800, 0x0000020758f47800, 0x0000020758f4b800, 0x0000020758f55000,
0x0000020758f60000, 0x00000207590c1800, 0x000002075b440800, 0x0000020759455000,
0x0000020759a6b800, 0x000002075b35b800, 0x000002075b35d800, 0x000002075b35e000,
0x000002075b359800, 0x000002075b35c800, 0x000002075b360000, 0x000002075b35a000,
0x000002075e3d4000, 0x000002075e3d8000, 0x000002075e3d9000, 0x000002075e3d9800,
0x000002075e3da800, 0x000002075e3d7000, 0x000002075e3d6800, 0x000002075e3e1000,
0x0000020760e11000, 0x0000020760e10000, 0x0000020760e13800, 0x0000020760e0e000,
0x0000020760e0e800, 0x0000020760e1a000, 0x0000020760e1b000, 0x0000020760e1b800,
0x0000020760e16000, 0x0000020760e17000, 0x0000020760e18800, 0x0000020760e17800,
0x0000020760e19000, 0x0000020760e1c800, 0x000002075e3d4800, 0x000002075e3d5800,
0x000002075e3db000, 0x000002075e3de800, 0x000002075e3df800, 0x000002075e3dc000,
0x000002075b35f000, 0x000002075b35b000, 0x000002075c365800, 0x000002075c366800,
0x000002075c365000, 0x000002075c363000, 0x000002075c367000, 0x000002075c368000,
0x000002075c369800, 0x000002075c364000, 0x000002075c36a800, 0x000002075c36e000,
0x000002075c369000, 0x000002075c36e800, 0x000002075c36b800, 0x000002075c372000,
0x000002075c36d000, 0x000002075c36c000, 0x000002075c36f800, 0x000002075c370000,
0x000002075c371000, 0x0000020760db0800, 0x0000020760db2000, 0x0000020760db3000,
0x0000020760dae000, 0x0000020760daf000, 0x0000020760db1800, 0x0000020760db4000,
0x0000020760db4800, 0x0000020760db5800, 0x0000020760daf800, 0x0000020760db7000,
0x0000020760db8000, 0x0000020760db6000, 0x0000020760db8800, 0x0000020760db9800,
0x0000020760dbb000, 0x0000020760dba800, 0x0000020760dbc000, 0x0000020760dbd000,
0x0000020762e6e800, 0x0000020762e6e000, 0x0000020762e72000, 0x0000020762e6f800,
0x0000020762e6c000, 0x0000020762e70000, 0x0000020762e71000, 0x0000020762e72800,
0x0000020762e6d000, 0x0000020762e73800, 0x0000020762e75000, 0x0000020762e77800,
0x0000020762e76000, 0x0000020762e77000, 0x0000020762e78800, 0x0000020762e79000,
0x0000020762e7a000, 0x0000020762e74800, 0x0000020762e7b000, 0x0000020759c95000,
0x0000020759c98800, 0x0000020759c97800, 0x0000020759c92800, 0x0000020759c94000,
0x0000020759c96800, 0x0000020759c99000, 0x0000020759c93800, 0x0000020759c9a000,
0x0000020759c9b000, 0x0000020759c9b800, 0x0000020759c96000, 0x0000020759c9f800,
0x0000020759c9f000, 0x0000020759ca0800, 0x0000020759c9c800, 0x0000020759ca1800,
0x0000020759c9d000, 0x0000020759c9e000, 0x000002075be2d800, 0x000002075be2e000,
0x000002075be31800, 0x000002075be33000, 0x000002075be32800, 0x000002075be30000,
0x000002075be2f000, 0x000002075be34800
}

Java Threads: ( => current thread )
  0x000002073e23b800 JavaThread "main" [_thread_blocked, id=7724, stack(0x0000009d06000000,0x0000009d06100000)]
  0x00000207586e7800 JavaThread "Reference Handler" daemon [_thread_blocked, id=15556, stack(0x0000009d06700000,0x0000009d06800000)]
  0x00000207586d7000 JavaThread "Finalizer" daemon [_thread_blocked, id=15560, stack(0x0000009d06800000,0x0000009d06900000)]
  0x0000020758f44800 JavaThread "Signal Dispatcher" daemon [_thread_blocked, id=15548, stack(0x0000009d06900000,0x0000009d06a00000)]
  0x0000020758f45800 JavaThread "Attach Listener" daemon [_thread_blocked, id=15564, stack(0x0000009d06a00000,0x0000009d06b00000)]
  0x0000020758f47800 JavaThread "Service Thread" daemon [_thread_blocked, id=1524, stack(0x0000009d06b00000,0x0000009d06c00000)]
  0x0000020758f4b800 JavaThread "C2 CompilerThread0" daemon [_thread_blocked, id=3908, stack(0x0000009d06c00000,0x0000009d06d00000)]
  0x0000020758f55000 JavaThread "C1 CompilerThread0" daemon [_thread_blocked, id=11100, stack(0x0000009d06d00000,0x0000009d06e00000)]
  0x0000020758f60000 JavaThread "Sweeper thread" daemon [_thread_blocked, id=13188, stack(0x0000009d06e00000,0x0000009d06f00000)]
  0x00000207590c1800 JavaThread "Common-Cleaner" daemon [_thread_blocked, id=11552, stack(0x0000009d06f00000,0x0000009d07000000)]
  0x000002075b440800 JavaThread "Daemon health stats" [_thread_blocked, id=9632, stack(0x0000009d07400000,0x0000009d07500000)]
  0x0000020759455000 JavaThread "Incoming local TCP Connector on port 59236" [_thread_in_native, id=15568, stack(0x0000009d07100000,0x0000009d07200000)]
  0x0000020759a6b800 JavaThread "Daemon periodic checks" [_thread_blocked, id=15188, stack(0x0000009d07300000,0x0000009d07400000)]
  0x000002075b35b800 JavaThread "Cache worker for journal cache (C:\Users\HOME\.gradle\caches\journal-1)" [_thread_blocked, id=14552, stack(0x0000009d07f00000,0x0000009d08000000)]
  0x000002075b35d800 JavaThread "File lock request listener" [_thread_in_native, id=13048, stack(0x0000009d08300000,0x0000009d08400000)]
  0x000002075b35e000 JavaThread "Cache worker for file hash cache (C:\Users\HOME\.gradle\caches\7.3.3\fileHashes)" [_thread_blocked, id=6688, stack(0x0000009d08500000,0x0000009d08600000)]
  0x000002075b359800 JavaThread "File watcher server" daemon [_thread_blocked, id=3756, stack(0x0000009d08800000,0x0000009d08900000)]
  0x000002075b35c800 JavaThread "File watcher consumer" daemon [_thread_blocked, id=6260, stack(0x0000009d08900000,0x0000009d08a00000)]
  0x000002075b360000 JavaThread "jar transforms" [_thread_blocked, id=10252, stack(0x0000009d08a00000,0x0000009d08b00000)]
  0x000002075b35a000 JavaThread "jar transforms Thread 2" [_thread_blocked, id=11044, stack(0x0000009d08b00000,0x0000009d08c00000)]
  0x000002075e3d4000 JavaThread "jar transforms Thread 3" [_thread_blocked, id=1428, stack(0x0000009d08c00000,0x0000009d08d00000)]
  0x000002075e3d8000 JavaThread "jar transforms Thread 4" [_thread_blocked, id=2968, stack(0x0000009d08d00000,0x0000009d08e00000)]
  0x000002075e3d9000 JavaThread "jar transforms Thread 5" [_thread_blocked, id=3248, stack(0x0000009d08e00000,0x0000009d08f00000)]
  0x000002075e3d9800 JavaThread "jar transforms Thread 6" [_thread_blocked, id=15952, stack(0x0000009d08f00000,0x0000009d09000000)]
  0x000002075e3da800 JavaThread "jar transforms Thread 7" [_thread_blocked, id=13324, stack(0x0000009d09000000,0x0000009d09100000)]
  0x000002075e3d7000 JavaThread "jar transforms Thread 8" [_thread_blocked, id=4876, stack(0x0000009d09100000,0x0000009d09200000)]
  0x000002075e3d6800 JavaThread "Cache worker for execution history cache (C:\Users\HOME\.gradle\caches\7.3.3\executionHistory)" [_thread_blocked, id=4524, stack(0x0000009d09500000,0x0000009d09600000)]
  0x000002075e3e1000 JavaThread "Cache worker for file content cache (C:\Users\HOME\.gradle\caches\7.3.3\fileContent)" [_thread_blocked, id=2624, stack(0x0000009d09600000,0x0000009d09700000)]
  0x0000020760e11000 JavaThread "Memory manager" [_thread_blocked, id=1912, stack(0x0000009d0e900000,0x0000009d0ea00000)]
  0x0000020760e10000 JavaThread "Daemon Thread 2" [_thread_blocked, id=4300, stack(0x0000009d05e00000,0x0000009d05f00000)]
  0x0000020760e13800 JavaThread "Handler for socket connection from /127.0.0.1:59236 to /127.0.0.1:59571" [_thread_in_native, id=5016, stack(0x0000009d05f00000,0x0000009d06000000)]
  0x0000020760e0e000 JavaThread "Cancel handler" [_thread_blocked, id=2536, stack(0x0000009d07500000,0x0000009d07600000)]
  0x0000020760e0e800 JavaThread "Daemon worker Thread 2" [_thread_blocked, id=9252, stack(0x0000009d07600000,0x0000009d07700000)]
  0x0000020760e1a000 JavaThread "Asynchronous log dispatcher for DefaultDaemonConnection: socket connection from /127.0.0.1:59236 to /127.0.0.1:59571" [_thread_blocked, id=17168, stack(0x0000009d07700000,0x0000009d07800000)]
  0x0000020760e1b000 JavaThread "Stdin handler" [_thread_blocked, id=796, stack(0x0000009d07e00000,0x0000009d07f00000)]
  0x0000020760e1b800 JavaThread "Daemon client event forwarder" [_thread_blocked, id=2540, stack(0x0000009d08000000,0x0000009d08100000)]
  0x0000020760e16000 JavaThread "Cache worker for file hash cache (C:\Users\HOME\AndroidStudioProjects\Permisos\.gradle\7.3.3\fileHashes)" [_thread_blocked, id=4788, stack(0x0000009d08100000,0x0000009d08200000)]
  0x0000020760e17000 JavaThread "C2 CompilerThread1" daemon [_thread_blocked, id=3708, stack(0x0000009d08200000,0x0000009d08300000)]
  0x0000020760e18800 JavaThread "Cache worker for checksums cache (C:\Users\HOME\AndroidStudioProjects\Permisos\.gradle\7.3.3\checksums)" [_thread_blocked, id=10924, stack(0x0000009d08600000,0x0000009d08700000)]
  0x0000020760e17800 JavaThread "Cache worker for cache directory md-supplier (C:\Users\HOME\.gradle\caches\7.3.3\md-supplier)" [_thread_blocked, id=10464, stack(0x0000009d08700000,0x0000009d08800000)]
  0x0000020760e19000 JavaThread "Cache worker for cache directory md-rule (C:\Users\HOME\.gradle\caches\7.3.3\md-rule)" [_thread_blocked, id=11416, stack(0x0000009d09200000,0x0000009d09300000)]
  0x0000020760e1c800 JavaThread "Cache worker for dependencies-accessors (C:\Users\HOME\AndroidStudioProjects\Permisos\.gradle\7.3.3\dependencies-accessors)" [_thread_blocked, id=6844, stack(0x0000009d09300000,0x0000009d09400000)]
  0x000002075e3d4800 JavaThread "Cache worker for Build Output Cleanup Cache (C:\Users\HOME\AndroidStudioProjects\Permisos\.gradle\buildOutputCleanup)" [_thread_blocked, id=6924, stack(0x0000009d09400000,0x0000009d09500000)]
  0x000002075e3d5800 JavaThread "Unconstrained build operations" [_thread_blocked, id=17436, stack(0x0000009d09700000,0x0000009d09800000)]
  0x000002075e3db000 JavaThread "Unconstrained build operations Thread 2" [_thread_blocked, id=11388, stack(0x0000009d09800000,0x0000009d09900000)]
  0x000002075e3de800 JavaThread "Unconstrained build operations Thread 3" [_thread_blocked, id=9664, stack(0x0000009d09900000,0x0000009d09a00000)]
  0x000002075e3df800 JavaThread "Unconstrained build operations Thread 4" [_thread_blocked, id=2212, stack(0x0000009d09a00000,0x0000009d09b00000)]
  0x000002075e3dc000 JavaThread "Unconstrained build operations Thread 5" [_thread_blocked, id=11240, stack(0x0000009d09b00000,0x0000009d09c00000)]
  0x000002075b35f000 JavaThread "Unconstrained build operations Thread 6" [_thread_blocked, id=8168, stack(0x0000009d09c00000,0x0000009d09d00000)]
  0x000002075b35b000 JavaThread "Unconstrained build operations Thread 7" [_thread_blocked, id=3884, stack(0x0000009d09d00000,0x0000009d09e00000)]
  0x000002075c365800 JavaThread "Unconstrained build operations Thread 8" [_thread_blocked, id=7416, stack(0x0000009d09e00000,0x0000009d09f00000)]
  0x000002075c366800 JavaThread "Unconstrained build operations Thread 9" [_thread_blocked, id=13252, stack(0x0000009d09f00000,0x0000009d0a000000)]
  0x000002075c365000 JavaThread "Unconstrained build operations Thread 10" [_thread_blocked, id=11368, stack(0x0000009d0a000000,0x0000009d0a100000)]
  0x000002075c363000 JavaThread "Unconstrained build operations Thread 11" [_thread_blocked, id=11132, stack(0x0000009d0a100000,0x0000009d0a200000)]
  0x000002075c367000 JavaThread "Unconstrained build operations Thread 12" [_thread_blocked, id=13356, stack(0x0000009d0a200000,0x0000009d0a300000)]
  0x000002075c368000 JavaThread "Unconstrained build operations Thread 13" [_thread_blocked, id=17696, stack(0x0000009d0a300000,0x0000009d0a400000)]
  0x000002075c369800 JavaThread "Unconstrained build operations Thread 14" [_thread_blocked, id=8336, stack(0x0000009d0a400000,0x0000009d0a500000)]
  0x000002075c364000 JavaThread "Unconstrained build operations Thread 15" [_thread_blocked, id=10884, stack(0x0000009d0a500000,0x0000009d0a600000)]
  0x000002075c36a800 JavaThread "Unconstrained build operations Thread 16" [_thread_blocked, id=10000, stack(0x0000009d0a600000,0x0000009d0a700000)]
  0x000002075c36e000 JavaThread "Unconstrained build operations Thread 17" [_thread_blocked, id=13796, stack(0x0000009d0a700000,0x0000009d0a800000)]
  0x000002075c369000 JavaThread "Unconstrained build operations Thread 18" [_thread_blocked, id=9972, stack(0x0000009d0a800000,0x0000009d0a900000)]
  0x000002075c36e800 JavaThread "Unconstrained build operations Thread 19" [_thread_blocked, id=18320, stack(0x0000009d0a900000,0x0000009d0aa00000)]
  0x000002075c36b800 JavaThread "Unconstrained build operations Thread 20" [_thread_blocked, id=12688, stack(0x0000009d0aa00000,0x0000009d0ab00000)]
  0x000002075c372000 JavaThread "Unconstrained build operations Thread 21" [_thread_blocked, id=13180, stack(0x0000009d0ab00000,0x0000009d0ac00000)]
  0x000002075c36d000 JavaThread "Unconstrained build operations Thread 22" [_thread_blocked, id=17288, stack(0x0000009d0ac00000,0x0000009d0ad00000)]
  0x000002075c36c000 JavaThread "Unconstrained build operations Thread 23" [_thread_blocked, id=9108, stack(0x0000009d0ad00000,0x0000009d0ae00000)]
  0x000002075c36f800 JavaThread "Unconstrained build operations Thread 24" [_thread_blocked, id=17440, stack(0x0000009d0ae00000,0x0000009d0af00000)]
  0x000002075c370000 JavaThread "Unconstrained build operations Thread 25" [_thread_blocked, id=11472, stack(0x0000009d0af00000,0x0000009d0b000000)]
  0x000002075c371000 JavaThread "Unconstrained build operations Thread 26" [_thread_blocked, id=18096, stack(0x0000009d0b000000,0x0000009d0b100000)]
  0x0000020760db0800 JavaThread "Unconstrained build operations Thread 27" [_thread_blocked, id=7496, stack(0x0000009d0b100000,0x0000009d0b200000)]
  0x0000020760db2000 JavaThread "Unconstrained build operations Thread 28" [_thread_blocked, id=17144, stack(0x0000009d0b200000,0x0000009d0b300000)]
  0x0000020760db3000 JavaThread "Unconstrained build operations Thread 29" [_thread_blocked, id=14960, stack(0x0000009d0b300000,0x0000009d0b400000)]
  0x0000020760dae000 JavaThread "Unconstrained build operations Thread 30" [_thread_blocked, id=7372, stack(0x0000009d0b400000,0x0000009d0b500000)]
  0x0000020760daf000 JavaThread "Unconstrained build operations Thread 31" [_thread_blocked, id=3664, stack(0x0000009d0b500000,0x0000009d0b600000)]
  0x0000020760db1800 JavaThread "Unconstrained build operations Thread 32" [_thread_blocked, id=16776, stack(0x0000009d0b600000,0x0000009d0b700000)]
  0x0000020760db4000 JavaThread "Unconstrained build operations Thread 33" [_thread_blocked, id=16680, stack(0x0000009d0b700000,0x0000009d0b800000)]
  0x0000020760db4800 JavaThread "Unconstrained build operations Thread 34" [_thread_blocked, id=1380, stack(0x0000009d0b800000,0x0000009d0b900000)]
  0x0000020760db5800 JavaThread "Unconstrained build operations Thread 35" [_thread_blocked, id=2280, stack(0x0000009d0b900000,0x0000009d0ba00000)]
  0x0000020760daf800 JavaThread "Unconstrained build operations Thread 36" [_thread_blocked, id=6940, stack(0x0000009d0ba00000,0x0000009d0bb00000)]
  0x0000020760db7000 JavaThread "Unconstrained build operations Thread 37" [_thread_blocked, id=15676, stack(0x0000009d0bb00000,0x0000009d0bc00000)]
  0x0000020760db8000 JavaThread "Unconstrained build operations Thread 38" [_thread_blocked, id=7292, stack(0x0000009d0bc00000,0x0000009d0bd00000)]
  0x0000020760db6000 JavaThread "Unconstrained build operations Thread 39" [_thread_blocked, id=7028, stack(0x0000009d0bd00000,0x0000009d0be00000)]
  0x0000020760db8800 JavaThread "Unconstrained build operations Thread 40" [_thread_blocked, id=13116, stack(0x0000009d0be00000,0x0000009d0bf00000)]
  0x0000020760db9800 JavaThread "Unconstrained build operations Thread 41" [_thread_blocked, id=9372, stack(0x0000009d0bf00000,0x0000009d0c000000)]
  0x0000020760dbb000 JavaThread "Unconstrained build operations Thread 42" [_thread_blocked, id=16440, stack(0x0000009d0c000000,0x0000009d0c100000)]
  0x0000020760dba800 JavaThread "Unconstrained build operations Thread 43" [_thread_blocked, id=14620, stack(0x0000009d0c100000,0x0000009d0c200000)]
  0x0000020760dbc000 JavaThread "Unconstrained build operations Thread 44" [_thread_blocked, id=12784, stack(0x0000009d0c200000,0x0000009d0c300000)]
  0x0000020760dbd000 JavaThread "Unconstrained build operations Thread 45" [_thread_blocked, id=2672, stack(0x0000009d0c300000,0x0000009d0c400000)]
  0x0000020762e6e800 JavaThread "Unconstrained build operations Thread 46" [_thread_blocked, id=7308, stack(0x0000009d0c400000,0x0000009d0c500000)]
  0x0000020762e6e000 JavaThread "Unconstrained build operations Thread 47" [_thread_blocked, id=14080, stack(0x0000009d0c500000,0x0000009d0c600000)]
  0x0000020762e72000 JavaThread "Unconstrained build operations Thread 48" [_thread_blocked, id=11856, stack(0x0000009d0c600000,0x0000009d0c700000)]
  0x0000020762e6f800 JavaThread "Unconstrained build operations Thread 49" [_thread_blocked, id=15536, stack(0x0000009d0c700000,0x0000009d0c800000)]
  0x0000020762e6c000 JavaThread "Unconstrained build operations Thread 50" [_thread_blocked, id=10720, stack(0x0000009d0c800000,0x0000009d0c900000)]
  0x0000020762e70000 JavaThread "Unconstrained build operations Thread 51" [_thread_blocked, id=15896, stack(0x0000009d0c900000,0x0000009d0ca00000)]
  0x0000020762e71000 JavaThread "Unconstrained build operations Thread 52" [_thread_blocked, id=15164, stack(0x0000009d0ca00000,0x0000009d0cb00000)]
  0x0000020762e72800 JavaThread "Unconstrained build operations Thread 53" [_thread_blocked, id=11140, stack(0x0000009d0cb00000,0x0000009d0cc00000)]
  0x0000020762e6d000 JavaThread "Unconstrained build operations Thread 54" [_thread_blocked, id=8516, stack(0x0000009d0cc00000,0x0000009d0cd00000)]
  0x0000020762e73800 JavaThread "Unconstrained build operations Thread 55" [_thread_blocked, id=13164, stack(0x0000009d0cd00000,0x0000009d0ce00000)]
  0x0000020762e75000 JavaThread "Unconstrained build operations Thread 56" [_thread_blocked, id=8932, stack(0x0000009d0ce00000,0x0000009d0cf00000)]
  0x0000020762e77800 JavaThread "Unconstrained build operations Thread 57" [_thread_blocked, id=17384, stack(0x0000009d0cf00000,0x0000009d0d000000)]
  0x0000020762e76000 JavaThread "Unconstrained build operations Thread 58" [_thread_blocked, id=10532, stack(0x0000009d0d000000,0x0000009d0d100000)]
  0x0000020762e77000 JavaThread "Unconstrained build operations Thread 59" [_thread_blocked, id=2256, stack(0x0000009d0d100000,0x0000009d0d200000)]
  0x0000020762e78800 JavaThread "Unconstrained build operations Thread 60" [_thread_blocked, id=10268, stack(0x0000009d0d200000,0x0000009d0d300000)]
  0x0000020762e79000 JavaThread "Unconstrained build operations Thread 61" [_thread_blocked, id=2620, stack(0x0000009d0d300000,0x0000009d0d400000)]
  0x0000020762e7a000 JavaThread "Unconstrained build operations Thread 62" [_thread_blocked, id=14756, stack(0x0000009d0d400000,0x0000009d0d500000)]
  0x0000020762e74800 JavaThread "Unconstrained build operations Thread 63" [_thread_blocked, id=5472, stack(0x0000009d0d500000,0x0000009d0d600000)]
  0x0000020762e7b000 JavaThread "Unconstrained build operations Thread 64" [_thread_blocked, id=6904, stack(0x0000009d0d600000,0x0000009d0d700000)]
  0x0000020759c95000 JavaThread "Unconstrained build operations Thread 65" [_thread_blocked, id=13392, stack(0x0000009d0d700000,0x0000009d0d800000)]
  0x0000020759c98800 JavaThread "Unconstrained build operations Thread 66" [_thread_blocked, id=12084, stack(0x0000009d0d800000,0x0000009d0d900000)]
  0x0000020759c97800 JavaThread "Unconstrained build operations Thread 67" [_thread_blocked, id=4508, stack(0x0000009d0d900000,0x0000009d0da00000)]
  0x0000020759c92800 JavaThread "Unconstrained build operations Thread 68" [_thread_blocked, id=12960, stack(0x0000009d0da00000,0x0000009d0db00000)]
  0x0000020759c94000 JavaThread "Unconstrained build operations Thread 69" [_thread_blocked, id=10636, stack(0x0000009d0db00000,0x0000009d0dc00000)]
  0x0000020759c96800 JavaThread "Unconstrained build operations Thread 70" [_thread_blocked, id=13516, stack(0x0000009d0dc00000,0x0000009d0dd00000)]
  0x0000020759c99000 JavaThread "Unconstrained build operations Thread 71" [_thread_blocked, id=13816, stack(0x0000009d0dd00000,0x0000009d0de00000)]
  0x0000020759c93800 JavaThread "Unconstrained build operations Thread 72" [_thread_blocked, id=14748, stack(0x0000009d0de00000,0x0000009d0df00000)]
  0x0000020759c9a000 JavaThread "Unconstrained build operations Thread 73" [_thread_blocked, id=17932, stack(0x0000009d0df00000,0x0000009d0e000000)]
  0x0000020759c9b000 JavaThread "Unconstrained build operations Thread 74" [_thread_blocked, id=13884, stack(0x0000009d0e000000,0x0000009d0e100000)]
  0x0000020759c9b800 JavaThread "Unconstrained build operations Thread 75" [_thread_blocked, id=15364, stack(0x0000009d0e100000,0x0000009d0e200000)]
  0x0000020759c96000 JavaThread "Unconstrained build operations Thread 76" [_thread_blocked, id=17752, stack(0x0000009d0e200000,0x0000009d0e300000)]
  0x0000020759c9f800 JavaThread "Unconstrained build operations Thread 77" [_thread_blocked, id=9536, stack(0x0000009d0e300000,0x0000009d0e400000)]
  0x0000020759c9f000 JavaThread "Unconstrained build operations Thread 78" [_thread_blocked, id=10368, stack(0x0000009d0e400000,0x0000009d0e500000)]
  0x0000020759ca0800 JavaThread "Unconstrained build operations Thread 79" [_thread_blocked, id=12728, stack(0x0000009d0e500000,0x0000009d0e600000)]
  0x0000020759c9c800 JavaThread "Unconstrained build operations Thread 80" [_thread_blocked, id=10484, stack(0x0000009d0e600000,0x0000009d0e700000)]
  0x0000020759ca1800 JavaThread "build event listener" [_thread_blocked, id=9924, stack(0x0000009d0e700000,0x0000009d0e800000)]
  0x0000020759c9d000 JavaThread "Execution worker for ':'" [_thread_blocked, id=6460, stack(0x0000009d0e800000,0x0000009d0e900000)]
  0x0000020759c9e000 JavaThread "Execution worker for ':' Thread 2" [_thread_blocked, id=3356, stack(0x0000009d0ea00000,0x0000009d0eb00000)]
  0x000002075be2d800 JavaThread "Execution worker for ':' Thread 3" [_thread_blocked, id=6108, stack(0x0000009d0eb00000,0x0000009d0ec00000)]
  0x000002075be2e000 JavaThread "Execution worker for ':' Thread 4" [_thread_blocked, id=13660, stack(0x0000009d0ec00000,0x0000009d0ed00000)]
  0x000002075be31800 JavaThread "Execution worker for ':' Thread 5" [_thread_blocked, id=17424, stack(0x0000009d0ed00000,0x0000009d0ee00000)]
  0x000002075be33000 JavaThread "Execution worker for ':' Thread 6" [_thread_blocked, id=16876, stack(0x0000009d0ee00000,0x0000009d0ef00000)]
  0x000002075be32800 JavaThread "Execution worker for ':' Thread 7" [_thread_blocked, id=8936, stack(0x0000009d0ef00000,0x0000009d0f000000)]
  0x000002075be30000 JavaThread "Cache worker for execution history cache (C:\Users\HOME\AndroidStudioProjects\Permisos\.gradle\7.3.3\executionHistory)" [_thread_blocked, id=9288, stack(0x0000009d0f000000,0x0000009d0f100000)]
  0x000002075be2f000 JavaThread "WorkerExecutor Queue" [_thread_blocked, id=6660, stack(0x0000009d0f100000,0x0000009d0f200000)]
  0x000002075be34800 JavaThread "WorkerExecutor Queue Thread 2" [_thread_blocked, id=16708, stack(0x0000009d0f200000,0x0000009d0f300000)]

Other Threads:
  0x00000207586d6000 VMThread "VM Thread" [stack: 0x0000009d06600000,0x0000009d06700000] [id=15532]
  0x00000207590fb800 WatcherThread [stack: 0x0000009d07000000,0x0000009d07100000] [id=11876]
  0x000002073e255000 GCTaskThread "GC Thread#0" [stack: 0x0000009d06100000,0x0000009d06200000] [id=15504]
  0x0000020759876000 GCTaskThread "GC Thread#1" [stack: 0x0000009d07200000,0x0000009d07300000] [id=18044]
  0x000002075a7b7000 GCTaskThread "GC Thread#2" [stack: 0x0000009d07800000,0x0000009d07900000] [id=10788]
  0x000002075b888000 GCTaskThread "GC Thread#3" [stack: 0x0000009d07900000,0x0000009d07a00000] [id=10864]
  0x000002075a5a6000 GCTaskThread "GC Thread#4" [stack: 0x0000009d07a00000,0x0000009d07b00000] [id=6588]
=>0x000002075a5a6800 GCTaskThread "GC Thread#5" [stack: 0x0000009d07b00000,0x0000009d07c00000] [id=7528]
  0x000002075a256800 GCTaskThread "GC Thread#6" [stack: 0x0000009d07c00000,0x0000009d07d00000] [id=18036]
  0x000002075a257000 GCTaskThread "GC Thread#7" [stack: 0x0000009d07d00000,0x0000009d07e00000] [id=3272]
  0x000002073e28a000 ConcurrentGCThread "G1 Main Marker" [stack: 0x0000009d06200000,0x0000009d06300000] [id=15524]
  0x000002073e28b000 ConcurrentGCThread "G1 Conc#0" [stack: 0x0000009d06300000,0x0000009d06400000] [id=9132]
  0x000002075b438000 ConcurrentGCThread "G1 Conc#1" [stack: 0x0000009d08400000,0x0000009d08500000] [id=11584]
  0x000002073e31e000 ConcurrentGCThread "G1 Refine#0" [stack: 0x0000009d06400000,0x0000009d06500000] [id=15484]
  0x0000020758522800 ConcurrentGCThread "G1 Young RemSet Sampling" [stack: 0x0000009d06500000,0x0000009d06600000] [id=15528]

Threads with active compile tasks:
C2 CompilerThread03077234 15554       4       kotlin.text.StringsKt__StringsJVMKt::regionMatches (43 bytes)

VM state:at safepoint (normal execution)

VM Mutex/Monitor currently owned by a thread:  ([mutex/lock_event])
[0x000002073e23a820] Threads_lock - owner thread: 0x00000207586d6000
[0x000002073e239620] Heap_lock - owner thread: 0x000002075be2e000

Heap address: 0x0000000080000000, size: 2048 MB, Compressed Oops mode: 32-bit
Narrow klass base: 0x0000000000000000, Narrow klass shift: 3
Compressed class space size: 1073741824 Address: 0x0000000100000000

Heap:
 garbage-first heap   total 199680K, used 168437K [0x0000000080000000, 0x0000000100000000)
  region size 1024K, 44 young (45056K), 3 survivors (3072K)
 Metaspace       used 111773K, capacity 114472K, committed 115532K, reserved 1148928K
  class space    used 14140K, capacity 15135K, committed 15436K, reserved 1048576K
Heap Regions: E=young(eden), S=young(survivor), O=old, HS=humongous(starts), HC=humongous(continues), CS=collection set, F=free, A=archive, TAMS=top-at-mark-start (previous, next)
|   0|0x0000000080000000, 0x0000000080100000, 0x0000000080100000|100%| O|  |TAMS 0x0000000080100000, 0x0000000080000000| Untracked 
|   1|0x0000000080100000, 0x0000000080200000, 0x0000000080200000|100%| O|  |TAMS 0x0000000080200000, 0x0000000080100000| Untracked 
|   2|0x0000000080200000, 0x0000000080300000, 0x0000000080300000|100%| O|  |TAMS 0x0000000080300000, 0x0000000080200000| Untracked 
|   3|0x0000000080300000, 0x0000000080400000, 0x0000000080400000|100%|HS|  |TAMS 0x0000000080400000, 0x0000000080300000| Complete 
|   4|0x0000000080400000, 0x0000000080500000, 0x0000000080500000|100%|HC|  |TAMS 0x0000000080500000, 0x0000000080400000| Complete 
|   5|0x0000000080500000, 0x0000000080600000, 0x0000000080600000|100%|HC|  |TAMS 0x0000000080600000, 0x0000000080500000| Complete 
|   6|0x0000000080600000, 0x0000000080700000, 0x0000000080700000|100%| O|  |TAMS 0x0000000080700000, 0x0000000080600000| Untracked 
|   7|0x0000000080700000, 0x0000000080800000, 0x0000000080800000|100%| O|  |TAMS 0x0000000080800000, 0x0000000080700000| Untracked 
|   8|0x0000000080800000, 0x0000000080900000, 0x0000000080900000|100%| O|  |TAMS 0x0000000080900000, 0x0000000080800000| Untracked 
|   9|0x0000000080900000, 0x0000000080a00000, 0x0000000080a00000|100%| O|  |TAMS 0x0000000080a00000, 0x0000000080900000| Complete 
|  10|0x0000000080a00000, 0x0000000080b00000, 0x0000000080b00000|100%| O|  |TAMS 0x0000000080b00000, 0x0000000080a00000| Complete 
|  11|0x0000000080b00000, 0x0000000080c00000, 0x0000000080c00000|100%| O|  |TAMS 0x0000000080c00000, 0x0000000080b00000| Untracked 
|  12|0x0000000080c00000, 0x0000000080d00000, 0x0000000080d00000|100%| O|  |TAMS 0x0000000080d00000, 0x0000000080c00000| Untracked 
|  13|0x0000000080d00000, 0x0000000080e00000, 0x0000000080e00000|100%| O|  |TAMS 0x0000000080e00000, 0x0000000080d00000| Untracked 
|  14|0x0000000080e00000, 0x0000000080f00000, 0x0000000080f00000|100%| O|  |TAMS 0x0000000080f00000, 0x0000000080e00000| Untracked 
|  15|0x0000000080f00000, 0x0000000081000000, 0x0000000081000000|100%| O|  |TAMS 0x0000000081000000, 0x0000000080f00000| Complete 
|  16|0x0000000081000000, 0x0000000081100000, 0x0000000081100000|100%|HS|  |TAMS 0x0000000081100000, 0x0000000081000000| Complete 
|  17|0x0000000081100000, 0x0000000081200000, 0x0000000081200000|100%|HC|  |TAMS 0x0000000081200000, 0x0000000081100000| Complete 
|  18|0x0000000081200000, 0x0000000081300000, 0x0000000081300000|100%|HS|  |TAMS 0x0000000081300000, 0x0000000081200000| Complete 
|  19|0x0000000081300000, 0x0000000081400000, 0x0000000081400000|100%|HC|  |TAMS 0x0000000081400000, 0x0000000081300000| Complete 
|  20|0x0000000081400000, 0x0000000081500000, 0x0000000081500000|100%|HC|  |TAMS 0x0000000081500000, 0x0000000081400000| Complete 
|  21|0x0000000081500000, 0x0000000081600000, 0x0000000081600000|100%|HS|  |TAMS 0x0000000081600000, 0x0000000081500000| Complete 
|  22|0x0000000081600000, 0x0000000081700000, 0x0000000081700000|100%|HS|  |TAMS 0x0000000081700000, 0x0000000081600000| Complete 
|  23|0x0000000081700000, 0x0000000081800000, 0x0000000081800000|100%|HC|  |TAMS 0x0000000081800000, 0x0000000081700000| Complete 
|  24|0x0000000081800000, 0x0000000081900000, 0x0000000081900000|100%|HC|  |TAMS 0x0000000081900000, 0x0000000081800000| Complete 
|  25|0x0000000081900000, 0x0000000081a00000, 0x0000000081a00000|100%|HC|  |TAMS 0x0000000081a00000, 0x0000000081900000| Complete 
|  26|0x0000000081a00000, 0x0000000081b00000, 0x0000000081b00000|100%| O|  |TAMS 0x0000000081b00000, 0x0000000081a00000| Untracked 
|  27|0x0000000081b00000, 0x0000000081c00000, 0x0000000081c00000|100%| O|  |TAMS 0x0000000081c00000, 0x0000000081b00000| Untracked 
|  28|0x0000000081c00000, 0x0000000081d00000, 0x0000000081d00000|100%| O|  |TAMS 0x0000000081d00000, 0x0000000081c00000| Untracked 
|  29|0x0000000081d00000, 0x0000000081e00000, 0x0000000081e00000|100%| O|  |TAMS 0x0000000081e00000, 0x0000000081d00000| Untracked 
|  30|0x0000000081e00000, 0x0000000081f00000, 0x0000000081f00000|100%| O|  |TAMS 0x0000000081f00000, 0x0000000081e00000| Untracked 
|  31|0x0000000081f00000, 0x0000000082000000, 0x0000000082000000|100%| O|  |TAMS 0x0000000082000000, 0x0000000081f00000| Untracked 
|  32|0x0000000082000000, 0x0000000082100000, 0x0000000082100000|100%| O|  |TAMS 0x0000000082100000, 0x0000000082000000| Complete 
|  33|0x0000000082100000, 0x0000000082200000, 0x0000000082200000|100%|HS|  |TAMS 0x0000000082200000, 0x0000000082100000| Complete 
|  34|0x0000000082200000, 0x0000000082300000, 0x0000000082300000|100%|HC|  |TAMS 0x0000000082300000, 0x0000000082200000| Complete 
|  35|0x0000000082300000, 0x0000000082400000, 0x0000000082400000|100%|HC|  |TAMS 0x0000000082400000, 0x0000000082300000| Complete 
|  36|0x0000000082400000, 0x0000000082500000, 0x0000000082500000|100%| O|  |TAMS 0x0000000082500000, 0x0000000082400000| Complete 
|  37|0x0000000082500000, 0x0000000082600000, 0x0000000082600000|100%|HS|  |TAMS 0x0000000082600000, 0x0000000082500000| Complete 
|  38|0x0000000082600000, 0x0000000082700000, 0x0000000082700000|100%| O|  |TAMS 0x0000000082700000, 0x0000000082600000| Complete 
|  39|0x0000000082700000, 0x0000000082800000, 0x0000000082800000|100%| O|  |TAMS 0x0000000082800000, 0x0000000082700000| Complete 
|  40|0x0000000082800000, 0x0000000082900000, 0x0000000082900000|100%| O|  |TAMS 0x0000000082900000, 0x0000000082800000| Untracked 
|  41|0x0000000082900000, 0x0000000082a00000, 0x0000000082a00000|100%| O|  |TAMS 0x0000000082a00000, 0x0000000082900000| Untracked 
|  42|0x0000000082a00000, 0x0000000082b00000, 0x0000000082b00000|100%| O|  |TAMS 0x0000000082b00000, 0x0000000082a00000| Complete 
|  43|0x0000000082b00000, 0x0000000082c00000, 0x0000000082c00000|100%|HS|  |TAMS 0x0000000082c00000, 0x0000000082b00000| Complete 
|  44|0x0000000082c00000, 0x0000000082d00000, 0x0000000082d00000|100%|HC|  |TAMS 0x0000000082d00000, 0x0000000082c00000| Complete 
|  45|0x0000000082d00000, 0x0000000082e00000, 0x0000000082e00000|100%|HC|  |TAMS 0x0000000082e00000, 0x0000000082d00000| Complete 
|  46|0x0000000082e00000, 0x0000000082f00000, 0x0000000082f00000|100%|HC|  |TAMS 0x0000000082f00000, 0x0000000082e00000| Complete 
|  47|0x0000000082f00000, 0x0000000083000000, 0x0000000083000000|100%| O|  |TAMS 0x0000000083000000, 0x0000000082f00000| Untracked 
|  48|0x0000000083000000, 0x0000000083100000, 0x0000000083100000|100%| O|  |TAMS 0x0000000083100000, 0x0000000083000000| Complete 
|  49|0x0000000083100000, 0x0000000083200000, 0x0000000083200000|100%| O|  |TAMS 0x0000000083200000, 0x0000000083100000| Complete 
|  50|0x0000000083200000, 0x0000000083300000, 0x0000000083300000|100%| O|  |TAMS 0x0000000083300000, 0x0000000083200000| Complete 
|  51|0x0000000083300000, 0x0000000083400000, 0x0000000083400000|100%| O|  |TAMS 0x0000000083400000, 0x0000000083300000| Untracked 
|  52|0x0000000083400000, 0x0000000083500000, 0x0000000083500000|100%| O|  |TAMS 0x0000000083500000, 0x0000000083400000| Untracked 
|  53|0x0000000083500000, 0x0000000083600000, 0x0000000083600000|100%| O|  |TAMS 0x0000000083600000, 0x0000000083500000| Complete 
|  54|0x0000000083600000, 0x0000000083700000, 0x0000000083700000|100%| O|  |TAMS 0x0000000083700000, 0x0000000083600000| Untracked 
|  55|0x0000000083700000, 0x0000000083800000, 0x0000000083800000|100%| O|  |TAMS 0x0000000083800000, 0x0000000083700000| Untracked 
|  56|0x0000000083800000, 0x0000000083900000, 0x0000000083900000|100%| O|  |TAMS 0x0000000083900000, 0x0000000083800000| Complete 
|  57|0x0000000083900000, 0x0000000083a00000, 0x0000000083a00000|100%| O|  |TAMS 0x0000000083a00000, 0x0000000083900000| Complete 
|  58|0x0000000083a00000, 0x0000000083b00000, 0x0000000083b00000|100%|HS|  |TAMS 0x0000000083b00000, 0x0000000083a00000| Complete 
|  59|0x0000000083b00000, 0x0000000083c00000, 0x0000000083c00000|100%|HS|  |TAMS 0x0000000083c00000, 0x0000000083b00000| Complete 
|  60|0x0000000083c00000, 0x0000000083d00000, 0x0000000083d00000|100%| O|  |TAMS 0x0000000083d00000, 0x0000000083c00000| Complete 
|  61|0x0000000083d00000, 0x0000000083e00000, 0x0000000083e00000|100%|HS|  |TAMS 0x0000000083e00000, 0x0000000083d00000| Complete 
|  62|0x0000000083e00000, 0x0000000083f00000, 0x0000000083f00000|100%|HC|  |TAMS 0x0000000083f00000, 0x0000000083e00000| Complete 
|  63|0x0000000083f00000, 0x0000000084000000, 0x0000000084000000|100%| O|  |TAMS 0x0000000084000000, 0x0000000083f00000| Untracked 
|  64|0x0000000084000000, 0x0000000084100000, 0x0000000084100000|100%| O|  |TAMS 0x0000000084100000, 0x0000000084000000| Untracked 
|  65|0x0000000084100000, 0x0000000084200000, 0x0000000084200000|100%| O|  |TAMS 0x0000000084200000, 0x0000000084100000| Untracked 
|  66|0x0000000084200000, 0x0000000084300000, 0x0000000084300000|100%| O|  |TAMS 0x0000000084300000, 0x0000000084200000| Complete 
|  67|0x0000000084300000, 0x0000000084400000, 0x0000000084400000|100%| O|  |TAMS 0x0000000084400000, 0x0000000084300000| Untracked 
|  68|0x0000000084400000, 0x0000000084500000, 0x0000000084500000|100%| O|  |TAMS 0x0000000084500000, 0x0000000084400000| Untracked 
|  69|0x0000000084500000, 0x0000000084600000, 0x0000000084600000|100%| O|  |TAMS 0x0000000084600000, 0x0000000084500000| Untracked 
|  70|0x0000000084600000, 0x0000000084700000, 0x0000000084700000|100%| O|  |TAMS 0x0000000084700000, 0x0000000084600000| Complete 
|  71|0x0000000084700000, 0x0000000084800000, 0x0000000084800000|100%| O|  |TAMS 0x0000000084800000, 0x0000000084700000| Complete 
|  72|0x0000000084800000, 0x0000000084900000, 0x0000000084900000|100%| O|  |TAMS 0x0000000084900000, 0x0000000084800000| Complete 
|  73|0x0000000084900000, 0x0000000084a00000, 0x0000000084a00000|100%| O|  |TAMS 0x0000000084a00000, 0x0000000084900000| Complete 
|  74|0x0000000084a00000, 0x0000000084b00000, 0x0000000084b00000|100%| O|  |TAMS 0x0000000084b00000, 0x0000000084a00000| Complete 
|  75|0x0000000084b00000, 0x0000000084c00000, 0x0000000084c00000|100%| O|  |TAMS 0x0000000084c00000, 0x0000000084b00000| Complete 
|  76|0x0000000084c00000, 0x0000000084d00000, 0x0000000084d00000|100%| O|  |TAMS 0x0000000084d00000, 0x0000000084c00000| Complete 
|  77|0x0000000084d00000, 0x0000000084e00000, 0x0000000084e00000|100%| O|  |TAMS 0x0000000084e00000, 0x0000000084d00000| Complete 
|  78|0x0000000084e00000, 0x0000000084f00000, 0x0000000084f00000|100%| O|  |TAMS 0x0000000084f00000, 0x0000000084e00000| Complete 
|  79|0x0000000084f00000, 0x0000000085000000, 0x0000000085000000|100%| O|  |TAMS 0x0000000085000000, 0x0000000084f00000| Complete 
|  80|0x0000000085000000, 0x0000000085100000, 0x0000000085100000|100%| O|  |TAMS 0x0000000085100000, 0x0000000085000000| Complete 
|  81|0x0000000085100000, 0x0000000085200000, 0x0000000085200000|100%| O|  |TAMS 0x0000000085200000, 0x0000000085100000| Complete 
|  82|0x0000000085200000, 0x0000000085300000, 0x0000000085300000|100%| O|  |TAMS 0x0000000085300000, 0x0000000085200000| Complete 
|  83|0x0000000085300000, 0x0000000085400000, 0x0000000085400000|100%|HS|  |TAMS 0x0000000085400000, 0x0000000085300000| Complete 
|  84|0x0000000085400000, 0x0000000085500000, 0x0000000085500000|100%|HC|  |TAMS 0x0000000085500000, 0x0000000085400000| Complete 
|  85|0x0000000085500000, 0x0000000085600000, 0x0000000085600000|100%|HS|  |TAMS 0x0000000085600000, 0x0000000085500000| Complete 
|  86|0x0000000085600000, 0x0000000085700000, 0x0000000085700000|100%|HC|  |TAMS 0x0000000085700000, 0x0000000085600000| Complete 
|  87|0x0000000085700000, 0x0000000085800000, 0x0000000085800000|100%|HC|  |TAMS 0x0000000085800000, 0x0000000085700000| Complete 
|  88|0x0000000085800000, 0x0000000085900000, 0x0000000085900000|100%|HS|  |TAMS 0x0000000085900000, 0x0000000085800000| Complete 
|  89|0x0000000085900000, 0x0000000085a00000, 0x0000000085a00000|100%|HS|  |TAMS 0x0000000085a00000, 0x0000000085900000| Complete 
|  90|0x0000000085a00000, 0x0000000085b00000, 0x0000000085b00000|100%|HC|  |TAMS 0x0000000085b00000, 0x0000000085a00000| Complete 
|  91|0x0000000085b00000, 0x0000000085c00000, 0x0000000085c00000|100%|HC|  |TAMS 0x0000000085c00000, 0x0000000085b00000| Complete 
|  92|0x0000000085c00000, 0x0000000085d00000, 0x0000000085d00000|100%|HC|  |TAMS 0x0000000085d00000, 0x0000000085c00000| Complete 
|  93|0x0000000085d00000, 0x0000000085e00000, 0x0000000085e00000|100%| O|  |TAMS 0x0000000085e00000, 0x0000000085d00000| Complete 
|  94|0x0000000085e00000, 0x0000000085f00000, 0x0000000085f00000|100%| O|  |TAMS 0x0000000085f00000, 0x0000000085e00000| Complete 
|  95|0x0000000085f00000, 0x0000000086000000, 0x0000000086000000|100%| O|  |TAMS 0x0000000086000000, 0x0000000085f00000| Complete 
|  96|0x0000000086000000, 0x0000000086100000, 0x0000000086100000|100%| O|  |TAMS 0x0000000086100000, 0x0000000086000000| Untracked 
|  97|0x0000000086100000, 0x0000000086200000, 0x0000000086200000|100%| O|  |TAMS 0x0000000086200000, 0x0000000086100000| Untracked 
|  98|0x0000000086200000, 0x0000000086300000, 0x0000000086300000|100%| O|  |TAMS 0x0000000086300000, 0x0000000086200000| Untracked 
|  99|0x0000000086300000, 0x0000000086400000, 0x0000000086400000|100%| O|  |TAMS 0x0000000086400000, 0x0000000086300000| Complete 
| 100|0x0000000086400000, 0x0000000086500000, 0x0000000086500000|100%| O|  |TAMS 0x0000000086500000, 0x0000000086400000| Complete 
| 101|0x0000000086500000, 0x0000000086600000, 0x0000000086600000|100%| O|  |TAMS 0x0000000086600000, 0x0000000086500000| Untracked 
| 102|0x0000000086600000, 0x0000000086700000, 0x0000000086700000|100%| O|  |TAMS 0x0000000086700000, 0x0000000086600000| Complete 
| 103|0x0000000086700000, 0x0000000086800000, 0x0000000086800000|100%| O|  |TAMS 0x0000000086800000, 0x0000000086700000| Complete 
| 104|0x0000000086800000, 0x0000000086900000, 0x0000000086900000|100%| O|  |TAMS 0x0000000086900000, 0x0000000086800000| Complete 
| 105|0x0000000086900000, 0x0000000086a00000, 0x0000000086a00000|100%| O|  |TAMS 0x0000000086a00000, 0x0000000086900000| Untracked 
| 106|0x0000000086a00000, 0x0000000086b00000, 0x0000000086b00000|100%| O|  |TAMS 0x0000000086b00000, 0x0000000086a00000| Complete 
| 107|0x0000000086b00000, 0x0000000086c00000, 0x0000000086c00000|100%| O|  |TAMS 0x0000000086c00000, 0x0000000086b00000| Complete 
| 108|0x0000000086c00000, 0x0000000086d00000, 0x0000000086d00000|100%| O|  |TAMS 0x0000000086d00000, 0x0000000086c00000| Untracked 
| 109|0x0000000086d00000, 0x0000000086e00000, 0x0000000086e00000|100%| O|  |TAMS 0x0000000086e00000, 0x0000000086d00000| Complete 
| 110|0x0000000086e00000, 0x0000000086f00000, 0x0000000086f00000|100%| O|  |TAMS 0x0000000086f00000, 0x0000000086e00000| Complete 
| 111|0x0000000086f00000, 0x0000000087000000, 0x0000000087000000|100%| O|  |TAMS 0x0000000087000000, 0x0000000086f00000| Untracked 
| 112|0x0000000087000000, 0x0000000087100000, 0x0000000087100000|100%| O|  |TAMS 0x0000000087100000, 0x0000000087000000| Complete 
| 113|0x0000000087100000, 0x0000000087200000, 0x0000000087200000|100%| O|  |TAMS 0x0000000087200000, 0x0000000087100000| Complete 
| 114|0x0000000087200000, 0x0000000087300000, 0x0000000087300000|100%| O|  |TAMS 0x0000000087300000, 0x0000000087200000| Complete 
| 115|0x0000000087300000, 0x0000000087400000, 0x0000000087400000|100%| O|  |TAMS 0x0000000087400000, 0x0000000087300000| Untracked 
| 116|0x0000000087400000, 0x0000000087500000, 0x0000000087500000|100%| O|  |TAMS 0x000000008748d600, 0x0000000087400000| Untracked 
| 117|0x0000000087500000, 0x0000000087600000, 0x0000000087600000|100%| O|  |TAMS 0x0000000087500000, 0x0000000087500000| Untracked 
| 118|0x0000000087600000, 0x0000000087700000, 0x0000000087700000|100%| O|  |TAMS 0x0000000087600000, 0x0000000087600000| Untracked 
| 119|0x0000000087700000, 0x0000000087800000, 0x0000000087800000|100%| O|  |TAMS 0x0000000087700000, 0x0000000087700000| Untracked 
| 120|0x0000000087800000, 0x0000000087900000, 0x0000000087900000|100%| O|  |TAMS 0x0000000087800000, 0x0000000087800000| Untracked 
| 121|0x0000000087900000, 0x0000000087a00000, 0x0000000087a00000|100%| O|  |TAMS 0x0000000087900000, 0x0000000087900000| Untracked 
| 122|0x0000000087a00000, 0x0000000087b00000, 0x0000000087b00000|100%| O|  |TAMS 0x0000000087a00000, 0x0000000087a00000| Untracked 
| 123|0x0000000087b00000, 0x0000000087b8baf0, 0x0000000087c00000| 54%| O|  |TAMS 0x0000000087b00000, 0x0000000087b00000| Untracked 
| 124|0x0000000087c00000, 0x0000000087c00000, 0x0000000087d00000|  0%| F|  |TAMS 0x0000000087c00000, 0x0000000087c00000| Untracked 
| 125|0x0000000087d00000, 0x0000000087d00000, 0x0000000087e00000|  0%| F|  |TAMS 0x0000000087d00000, 0x0000000087d00000| Untracked 
| 126|0x0000000087e00000, 0x0000000087e00000, 0x0000000087f00000|  0%| F|  |TAMS 0x0000000087e00000, 0x0000000087e00000| Untracked 
| 127|0x0000000087f00000, 0x0000000087f00000, 0x0000000088000000|  0%| F|  |TAMS 0x0000000087f00000, 0x0000000087f00000| Untracked 
| 128|0x0000000088000000, 0x0000000088000000, 0x0000000088100000|  0%| F|  |TAMS 0x0000000088000000, 0x0000000088000000| Untracked 
| 129|0x0000000088100000, 0x0000000088100000, 0x0000000088200000|  0%| F|  |TAMS 0x0000000088100000, 0x0000000088100000| Untracked 
| 130|0x0000000088200000, 0x0000000088200000, 0x0000000088300000|  0%| F|  |TAMS 0x0000000088200000, 0x0000000088200000| Untracked 
| 131|0x0000000088300000, 0x0000000088300000, 0x0000000088400000|  0%| F|  |TAMS 0x0000000088300000, 0x0000000088300000| Untracked 
| 132|0x0000000088400000, 0x0000000088400000, 0x0000000088500000|  0%| F|  |TAMS 0x0000000088400000, 0x0000000088400000| Untracked 
| 133|0x0000000088500000, 0x0000000088500000, 0x0000000088600000|  0%| F|  |TAMS 0x0000000088500000, 0x0000000088500000| Untracked 
| 134|0x0000000088600000, 0x0000000088600000, 0x0000000088700000|  0%| F|  |TAMS 0x0000000088600000, 0x0000000088600000| Untracked 
| 135|0x0000000088700000, 0x0000000088700000, 0x0000000088800000|  0%| F|  |TAMS 0x0000000088700000, 0x0000000088700000| Untracked 
| 136|0x0000000088800000, 0x0000000088800000, 0x0000000088900000|  0%| F|  |TAMS 0x0000000088800000, 0x0000000088800000| Untracked 
| 137|0x0000000088900000, 0x0000000088900000, 0x0000000088a00000|  0%| F|  |TAMS 0x0000000088900000, 0x0000000088900000| Untracked 
| 138|0x0000000088a00000, 0x0000000088a00000, 0x0000000088b00000|  0%| F|  |TAMS 0x0000000088a00000, 0x0000000088a00000| Untracked 
| 139|0x0000000088b00000, 0x0000000088c00000, 0x0000000088c00000|100%| E|CS|TAMS 0x0000000088b00000, 0x0000000088b00000| Complete 
| 140|0x0000000088c00000, 0x0000000088d00000, 0x0000000088d00000|100%| E|CS|TAMS 0x0000000088c00000, 0x0000000088c00000| Complete 
| 141|0x0000000088d00000, 0x0000000088e00000, 0x0000000088e00000|100%| E|CS|TAMS 0x0000000088d00000, 0x0000000088d00000| Complete 
| 142|0x0000000088e00000, 0x0000000088e00000, 0x0000000088f00000|  0%| F|  |TAMS 0x0000000088e00000, 0x0000000088e00000| Untracked 
| 143|0x0000000088f00000, 0x0000000088f00000, 0x0000000089000000|  0%| F|  |TAMS 0x0000000088f00000, 0x0000000088f00000| Untracked 
| 144|0x0000000089000000, 0x0000000089000000, 0x0000000089100000|  0%| F|  |TAMS 0x0000000089000000, 0x0000000089000000| Untracked 
| 145|0x0000000089100000, 0x0000000089100000, 0x0000000089200000|  0%| F|  |TAMS 0x0000000089100000, 0x0000000089100000| Untracked 
| 146|0x0000000089200000, 0x0000000089300000, 0x0000000089300000|100%| E|CS|TAMS 0x0000000089200000, 0x0000000089200000| Complete 
| 147|0x0000000089300000, 0x0000000089300000, 0x0000000089400000|  0%| F|  |TAMS 0x0000000089300000, 0x0000000089300000| Untracked 
| 148|0x0000000089400000, 0x0000000089500000, 0x0000000089500000|100%| E|CS|TAMS 0x0000000089400000, 0x0000000089400000| Complete 
| 149|0x0000000089500000, 0x0000000089600000, 0x0000000089600000|100%| E|CS|TAMS 0x0000000089500000, 0x0000000089500000| Complete 
| 150|0x0000000089600000, 0x0000000089700000, 0x0000000089700000|100%| E|CS|TAMS 0x0000000089600000, 0x0000000089600000| Complete 
| 151|0x0000000089700000, 0x00000000897c2ad0, 0x0000000089800000| 76%| S|  |TAMS 0x0000000089700000, 0x0000000089700000| Complete 
| 152|0x0000000089800000, 0x0000000089900000, 0x0000000089900000|100%| S|  |TAMS 0x0000000089800000, 0x0000000089800000| Complete 
| 153|0x0000000089900000, 0x0000000089a00000, 0x0000000089a00000|100%| S|  |TAMS 0x0000000089900000, 0x0000000089900000| Complete 
| 154|0x0000000089a00000, 0x0000000089aefe58, 0x0000000089b00000| 93%| E|CS|TAMS 0x0000000089a00000, 0x0000000089a00000| Complete 
| 155|0x0000000089b00000, 0x0000000089c00000, 0x0000000089c00000|100%| E|CS|TAMS 0x0000000089b00000, 0x0000000089b00000| Complete 
| 156|0x0000000089c00000, 0x0000000089d00000, 0x0000000089d00000|100%| E|CS|TAMS 0x0000000089c00000, 0x0000000089c00000| Complete 
| 157|0x0000000089d00000, 0x0000000089e00000, 0x0000000089e00000|100%| E|CS|TAMS 0x0000000089d00000, 0x0000000089d00000| Complete 
| 158|0x0000000089e00000, 0x0000000089f00000, 0x0000000089f00000|100%| E|CS|TAMS 0x0000000089e00000, 0x0000000089e00000| Complete 
| 159|0x0000000089f00000, 0x000000008a000000, 0x000000008a000000|100%| E|CS|TAMS 0x0000000089f00000, 0x0000000089f00000| Complete 
| 160|0x000000008a000000, 0x000000008a100000, 0x000000008a100000|100%| E|CS|TAMS 0x000000008a000000, 0x000000008a000000| Complete 
| 161|0x000000008a100000, 0x000000008a200000, 0x000000008a200000|100%| E|CS|TAMS 0x000000008a100000, 0x000000008a100000| Complete 
| 162|0x000000008a200000, 0x000000008a300000, 0x000000008a300000|100%| E|CS|TAMS 0x000000008a200000, 0x000000008a200000| Complete 
| 163|0x000000008a300000, 0x000000008a400000, 0x000000008a400000|100%| E|CS|TAMS 0x000000008a300000, 0x000000008a300000| Complete 
| 164|0x000000008a400000, 0x000000008a500000, 0x000000008a500000|100%| E|CS|TAMS 0x000000008a400000, 0x000000008a400000| Complete 
| 165|0x000000008a500000, 0x000000008a600000, 0x000000008a600000|100%| E|CS|TAMS 0x000000008a500000, 0x000000008a500000| Complete 
| 166|0x000000008a600000, 0x000000008a700000, 0x000000008a700000|100%| E|CS|TAMS 0x000000008a600000, 0x000000008a600000| Complete 
| 167|0x000000008a700000, 0x000000008a800000, 0x000000008a800000|100%| E|CS|TAMS 0x000000008a700000, 0x000000008a700000| Complete 
| 168|0x000000008a800000, 0x000000008a900000, 0x000000008a900000|100%| E|CS|TAMS 0x000000008a800000, 0x000000008a800000| Complete 
| 169|0x000000008a900000, 0x000000008aa00000, 0x000000008aa00000|100%| E|CS|TAMS 0x000000008a900000, 0x000000008a900000| Complete 
| 170|0x000000008aa00000, 0x000000008ab00000, 0x000000008ab00000|100%| E|CS|TAMS 0x000000008aa00000, 0x000000008aa00000| Complete 
| 171|0x000000008ab00000, 0x000000008ac00000, 0x000000008ac00000|100%| E|CS|TAMS 0x000000008ab00000, 0x000000008ab00000| Complete 
| 172|0x000000008ac00000, 0x000000008ad00000, 0x000000008ad00000|100%| E|CS|TAMS 0x000000008ac00000, 0x000000008ac00000| Complete 
| 173|0x000000008ad00000, 0x000000008ae00000, 0x000000008ae00000|100%| E|CS|TAMS 0x000000008ad00000, 0x000000008ad00000| Complete 
| 174|0x000000008ae00000, 0x000000008af00000, 0x000000008af00000|100%| E|CS|TAMS 0x000000008ae00000, 0x000000008ae00000| Complete 
| 175|0x000000008af00000, 0x000000008b000000, 0x000000008b000000|100%| E|CS|TAMS 0x000000008af00000, 0x000000008af00000| Complete 
| 176|0x000000008b000000, 0x000000008b100000, 0x000000008b100000|100%| E|CS|TAMS 0x000000008b000000, 0x000000008b000000| Complete 
| 177|0x000000008b100000, 0x000000008b200000, 0x000000008b200000|100%| E|CS|TAMS 0x000000008b100000, 0x000000008b100000| Complete 
| 178|0x000000008b200000, 0x000000008b300000, 0x000000008b300000|100%| E|CS|TAMS 0x000000008b200000, 0x000000008b200000| Complete 
| 179|0x000000008b300000, 0x000000008b400000, 0x000000008b400000|100%| E|CS|TAMS 0x000000008b300000, 0x000000008b300000| Complete 
| 180|0x000000008b400000, 0x000000008b500000, 0x000000008b500000|100%| E|CS|TAMS 0x000000008b400000, 0x000000008b400000| Complete 
| 181|0x000000008b500000, 0x000000008b600000, 0x000000008b600000|100%| E|CS|TAMS 0x000000008b500000, 0x000000008b500000| Complete 
| 182|0x000000008b600000, 0x000000008b700000, 0x000000008b700000|100%| E|CS|TAMS 0x000000008b600000, 0x000000008b600000| Complete 
| 183|0x000000008b700000, 0x000000008b800000, 0x000000008b800000|100%| E|CS|TAMS 0x000000008b700000, 0x000000008b700000| Complete 
| 184|0x000000008b800000, 0x000000008b900000, 0x000000008b900000|100%| E|CS|TAMS 0x000000008b800000, 0x000000008b800000| Complete 
| 185|0x000000008b900000, 0x000000008ba00000, 0x000000008ba00000|100%| E|CS|TAMS 0x000000008b900000, 0x000000008b900000| Complete 
| 186|0x000000008ba00000, 0x000000008bb00000, 0x000000008bb00000|100%| E|CS|TAMS 0x000000008ba00000, 0x000000008ba00000| Complete 
| 187|0x000000008bb00000, 0x000000008bc00000, 0x000000008bc00000|100%| E|CS|TAMS 0x000000008bb00000, 0x000000008bb00000| Complete 
| 188|0x000000008bc00000, 0x000000008bd00000, 0x000000008bd00000|100%| E|CS|TAMS 0x000000008bc00000, 0x000000008bc00000| Complete 
| 189|0x000000008bd00000, 0x000000008be00000, 0x000000008be00000|100%| E|CS|TAMS 0x000000008bd00000, 0x000000008bd00000| Complete 
| 190|0x000000008be00000, 0x000000008bf00000, 0x000000008bf00000|100%| E|CS|TAMS 0x000000008be00000, 0x000000008be00000| Complete 
| 191|0x000000008bf00000, 0x000000008c000000, 0x000000008c000000|100%| E|CS|TAMS 0x000000008bf00000, 0x000000008bf00000| Complete 
| 192|0x000000008c000000, 0x000000008c100000, 0x000000008c100000|100%| E|CS|TAMS 0x000000008c000000, 0x000000008c000000| Complete 
| 193|0x000000008c100000, 0x000000008c200000, 0x000000008c200000|100%| E|CS|TAMS 0x000000008c100000, 0x000000008c100000| Complete 
| 194|0x000000008c200000, 0x000000008c300000, 0x000000008c300000|100%| E|CS|TAMS 0x000000008c200000, 0x000000008c200000| Complete 

Card table byte_map: [0x0000020751480000,0x0000020751880000] _byte_map_base: 0x0000020751080000

Marking Bits (Prev, Next): (CMBitMap*) 0x000002073e280f98, (CMBitMap*) 0x000002073e280fd0
 Prev Bits: [0x0000020751c80000, 0x0000020753c80000)
 Next Bits: [0x0000020753c80000, 0x0000020755c80000)

Polling page: 0x000002073c3f0000

Metaspace:

Usage:
  Non-class:     97.01 MB capacity,    95.34 MB ( 98%) used,     1.36 MB (  1%) free+waste,   311.69 KB ( <1%) overhead. 
      Class:     14.78 MB capacity,    13.81 MB ( 93%) used,   857.41 KB (  6%) free+waste,   136.63 KB ( <1%) overhead. 
       Both:    111.79 MB capacity,   109.15 MB ( 98%) used,     2.20 MB (  2%) free+waste,   448.31 KB ( <1%) overhead. 

Virtual space:
  Non-class space:       98.00 MB reserved,      97.75 MB (>99%) committed 
      Class space:        1.00 GB reserved,      15.07 MB (  1%) committed 
             Both:        1.10 GB reserved,     112.82 MB ( 10%) committed 

Chunk freelists:
   Non-Class:  567.00 KB
       Class:  225.00 KB
        Both:  792.00 KB

MaxMetaspaceSize: 17179869184.00 GB
CompressedClassSpaceSize: 1.00 GB
Initial GC threshold: 20.80 MB
Current GC threshold: 186.17 MB
CDS: off

CodeHeap 'non-profiled nmethods': size=120000Kb used=9652Kb max_used=9652Kb free=110347Kb
 bounds [0x0000020749820000, 0x000002074a190000, 0x0000020750d50000]
CodeHeap 'profiled nmethods': size=120000Kb used=35240Kb max_used=35240Kb free=84759Kb
 bounds [0x00000207422f0000, 0x0000020744560000, 0x0000020749820000]
CodeHeap 'non-nmethods': size=5760Kb used=2450Kb max_used=2504Kb free=3310Kb
 bounds [0x0000020741d50000, 0x0000020741fd0000, 0x00000207422f0000]
 total_blobs=16384 nmethods=15407 adapters=887
 compilation: enabled
              stopped_count=0, restarted_count=0
 full_count=0

Compilation events (20 events):
Event: 3077.036 Thread 0x0000020758f4b800 15545       4       java.util.WeakHashMap::get (77 bytes)
Event: 3077.039 Thread 0x0000020758f55000 nmethod 15544 0x0000020744554390 code [0x0000020744554720, 0x00000207445561f8]
Event: 3077.039 Thread 0x0000020758f55000 15546       3       org.apache.xerces.impl.XMLEntityScanner::scanData (1105 bytes)
Event: 3077.043 Thread 0x0000020760e17000 15551       4       java.util.WeakHashMap::put (162 bytes)
Event: 3077.045 Thread 0x0000020758f4b800 nmethod 15545 0x000002074a18ad90 code [0x000002074a18af40, 0x000002074a18b188]
Event: 3077.045 Thread 0x0000020758f55000 nmethod 15546 0x0000020744556a90 code [0x0000020744556ea0, 0x0000020744558e48]
Event: 3077.045 Thread 0x0000020758f55000 15547       1       javax.xml.parsers.DocumentBuilderFactory::isNamespaceAware (5 bytes)
Event: 3077.045 Thread 0x0000020758f55000 nmethod 15547 0x000002074a18b410 code [0x000002074a18b5c0, 0x000002074a18b678]
Event: 3077.045 Thread 0x0000020758f55000 15548       1       javax.xml.parsers.DocumentBuilderFactory::isIgnoringElementContentWhitespace (5 bytes)
Event: 3077.045 Thread 0x0000020758f55000 nmethod 15548 0x000002074a18b710 code [0x000002074a18b8c0, 0x000002074a18b978]
Event: 3077.045 Thread 0x0000020758f55000 15549       1       javax.xml.parsers.DocumentBuilderFactory::isExpandEntityReferences (5 bytes)
Event: 3077.045 Thread 0x0000020758f55000 nmethod 15549 0x000002074a18ba10 code [0x000002074a18bbc0, 0x000002074a18bc78]
Event: 3077.045 Thread 0x0000020758f55000 15550       1       javax.xml.parsers.DocumentBuilderFactory::isCoalescing (5 bytes)
Event: 3077.046 Thread 0x0000020758f55000 nmethod 15550 0x000002074a18bd10 code [0x000002074a18bec0, 0x000002074a18bf78]
Event: 3077.049 Thread 0x0000020758f55000 15552       1       javax.xml.parsers.DocumentBuilderFactory::isIgnoringComments (5 bytes)
Event: 3077.049 Thread 0x0000020758f55000 nmethod 15552 0x000002074a18c010 code [0x000002074a18c1c0, 0x000002074a18c278]
Event: 3077.070 Thread 0x0000020760e17000 nmethod 15551 0x000002074a18c310 code [0x000002074a18c4e0, 0x000002074a18cff8]
Event: 3077.089 Thread 0x0000020758f55000 15553       3       com.android.resources.ResourceType::fromXmlTagName (11 bytes)
Event: 3077.089 Thread 0x0000020758f55000 nmethod 15553 0x0000020744559b90 code [0x0000020744559d60, 0x0000020744559fc8]
Event: 3077.098 Thread 0x0000020758f4b800 15554       4       kotlin.text.StringsKt__StringsJVMKt::regionMatches (43 bytes)

GC Heap History (20 events):
Event: 28.892 GC heap after
{Heap after GC invocations=45 (full 0):
 garbage-first heap   total 165888K, used 111768K [0x0000000080000000, 0x0000000100000000)
  region size 1024K, 4 young (4096K), 4 survivors (4096K)
 Metaspace       used 100964K, capacity 103308K, committed 103500K, reserved 1138688K
  class space    used 13212K, capacity 14094K, committed 14156K, reserved 1048576K
}
Event: 32.066 GC heap before
{Heap before GC invocations=45 (full 0):
 garbage-first heap   total 165888K, used 135320K [0x0000000080000000, 0x0000000100000000)
  region size 1024K, 27 young (27648K), 4 survivors (4096K)
 Metaspace       used 103322K, capacity 105801K, committed 106060K, reserved 1140736K
  class space    used 13423K, capacity 14380K, committed 14412K, reserved 1048576K
}
Event: 32.079 GC heap after
{Heap after GC invocations=46 (full 0):
 garbage-first heap   total 199680K, used 113326K [0x0000000080000000, 0x0000000100000000)
  region size 1024K, 4 young (4096K), 4 survivors (4096K)
 Metaspace       used 103322K, capacity 105801K, committed 106060K, reserved 1140736K
  class space    used 13423K, capacity 14380K, committed 14412K, reserved 1048576K
}
Event: 33.237 GC heap before
{Heap before GC invocations=47 (full 0):
 garbage-first heap   total 199680K, used 151214K [0x0000000080000000, 0x0000000100000000)
  region size 1024K, 42 young (43008K), 4 survivors (4096K)
 Metaspace       used 104366K, capacity 106973K, committed 107212K, reserved 1142784K
  class space    used 13521K, capacity 14506K, committed 14540K, reserved 1048576K
}
Event: 33.248 GC heap after
{Heap after GC invocations=48 (full 0):
 garbage-first heap   total 199680K, used 115316K [0x0000000080000000, 0x0000000100000000)
  region size 1024K, 4 young (4096K), 4 survivors (4096K)
 Metaspace       used 104366K, capacity 106973K, committed 107212K, reserved 1142784K
  class space    used 13521K, capacity 14506K, committed 14540K, reserved 1048576K
}
Event: 38.737 GC heap before
{Heap before GC invocations=48 (full 0):
 garbage-first heap   total 199680K, used 154228K [0x0000000080000000, 0x0000000100000000)
  region size 1024K, 43 young (44032K), 4 survivors (4096K)
 Metaspace       used 104564K, capacity 107122K, committed 107212K, reserved 1142784K
  class space    used 13523K, capacity 14510K, committed 14540K, reserved 1048576K
}
Event: 38.746 GC heap after
{Heap after GC invocations=49 (full 0):
 garbage-first heap   total 199680K, used 116484K [0x0000000080000000, 0x0000000100000000)
  region size 1024K, 4 young (4096K), 4 survivors (4096K)
 Metaspace       used 104564K, capacity 107122K, committed 107212K, reserved 1142784K
  class space    used 13523K, capacity 14510K, committed 14540K, reserved 1048576K
}
Event: 44.163 GC heap before
{Heap before GC invocations=50 (full 0):
 garbage-first heap   total 199680K, used 156420K [0x0000000080000000, 0x0000000100000000)
  region size 1024K, 44 young (45056K), 4 survivors (4096K)
 Metaspace       used 105332K, capacity 107835K, committed 108108K, reserved 1142784K
  class space    used 13563K, capacity 14537K, committed 14668K, reserved 1048576K
}
Event: 44.182 GC heap after
{Heap after GC invocations=51 (full 0):
 garbage-first heap   total 199680K, used 118440K [0x0000000080000000, 0x0000000100000000)
  region size 1024K, 6 young (6144K), 6 survivors (6144K)
 Metaspace       used 105332K, capacity 107835K, committed 108108K, reserved 1142784K
  class space    used 13563K, capacity 14537K, committed 14668K, reserved 1048576K
}
Event: 45.632 GC heap before
{Heap before GC invocations=51 (full 0):
 garbage-first heap   total 199680K, used 159400K [0x0000000080000000, 0x0000000100000000)
  region size 1024K, 47 young (48128K), 6 survivors (6144K)
 Metaspace       used 106071K, capacity 108664K, committed 108876K, reserved 1142784K
  class space    used 13620K, capacity 14605K, committed 14668K, reserved 1048576K
}
Event: 45.642 GC heap after
{Heap after GC invocations=52 (full 0):
 garbage-first heap   total 199680K, used 119805K [0x0000000080000000, 0x0000000100000000)
  region size 1024K, 4 young (4096K), 4 survivors (4096K)
 Metaspace       used 106071K, capacity 108664K, committed 108876K, reserved 1142784K
  class space    used 13620K, capacity 14605K, committed 14668K, reserved 1048576K
}
Event: 55.445 GC heap before
{Heap before GC invocations=53 (full 0):
 garbage-first heap   total 199680K, used 161789K [0x0000000080000000, 0x0000000100000000)
  region size 1024K, 46 young (47104K), 4 survivors (4096K)
 Metaspace       used 106915K, capacity 109533K, committed 109644K, reserved 1144832K
  class space    used 13703K, capacity 14667K, committed 14668K, reserved 1048576K
}
Event: 55.454 GC heap after
{Heap after GC invocations=54 (full 0):
 garbage-first heap   total 199680K, used 120711K [0x0000000080000000, 0x0000000100000000)
  region size 1024K, 3 young (3072K), 3 survivors (3072K)
 Metaspace       used 106915K, capacity 109533K, committed 109644K, reserved 1144832K
  class space    used 13703K, capacity 14667K, committed 14668K, reserved 1048576K
}
Event: 1705.181 GC heap before
{Heap before GC invocations=54 (full 0):
 garbage-first heap   total 199680K, used 163719K [0x0000000080000000, 0x0000000100000000)
  region size 1024K, 46 young (47104K), 3 survivors (3072K)
 Metaspace       used 107730K, capacity 110498K, committed 110668K, reserved 1144832K
  class space    used 13781K, capacity 14795K, committed 14924K, reserved 1048576K
}
Event: 1705.235 GC heap after
{Heap after GC invocations=55 (full 0):
 garbage-first heap   total 199680K, used 120704K [0x0000000080000000, 0x0000000100000000)
  region size 1024K, 3 young (3072K), 3 survivors (3072K)
 Metaspace       used 107730K, capacity 110498K, committed 110668K, reserved 1144832K
  class space    used 13781K, capacity 14795K, committed 14924K, reserved 1048576K
}
Event: 3073.871 GC heap before
{Heap before GC invocations=56 (full 0):
 garbage-first heap   total 199680K, used 166784K [0x0000000080000000, 0x0000000100000000)
  region size 1024K, 48 young (49152K), 3 survivors (3072K)
 Metaspace       used 108058K, capacity 110804K, committed 110924K, reserved 1144832K
  class space    used 13799K, capacity 14813K, committed 14924K, reserved 1048576K
}
Event: 3073.902 GC heap after
{Heap after GC invocations=57 (full 0):
 garbage-first heap   total 199680K, used 122280K [0x0000000080000000, 0x0000000100000000)
  region size 1024K, 5 young (5120K), 5 survivors (5120K)
 Metaspace       used 108058K, capacity 110804K, committed 110924K, reserved 1144832K
  class space    used 13799K, capacity 14813K, committed 14924K, reserved 1048576K
}
Event: 3075.451 GC heap before
{Heap before GC invocations=57 (full 0):
 garbage-first heap   total 199680K, used 166312K [0x0000000080000000, 0x0000000100000000)
  region size 1024K, 49 young (50176K), 5 survivors (5120K)
 Metaspace       used 110913K, capacity 113902K, committed 114124K, reserved 1148928K
  class space    used 14117K, capacity 15195K, committed 15308K, reserved 1048576K
}
Event: 3075.477 GC heap after
{Heap after GC invocations=58 (full 0):
 garbage-first heap   total 199680K, used 126517K [0x0000000080000000, 0x0000000100000000)
  region size 1024K, 7 young (7168K), 7 survivors (7168K)
 Metaspace       used 110913K, capacity 113902K, committed 114124K, reserved 1148928K
  class space    used 14117K, capacity 15195K, committed 15308K, reserved 1048576K
}
Event: 3077.103 GC heap before
{Heap before GC invocations=59 (full 0):
 garbage-first heap   total 199680K, used 167477K [0x0000000080000000, 0x0000000100000000)
  region size 1024K, 48 young (49152K), 7 survivors (7168K)
 Metaspace       used 111773K, capacity 114472K, committed 115532K, reserved 1148928K
  class space    used 14140K, capacity 15135K, committed 15436K, reserved 1048576K
}

Deoptimization events (20 events):
Event: 3076.480 Thread 0x000002075be2e000 Uncommon trap: trap_request=0xffffff4d fr.pc=0x0000020749fe5bf8 relative=0x00000000000004b8
Event: 3076.480 Thread 0x000002075be2e000 Uncommon trap: reason=unstable_if action=reinterpret pc=0x0000020749fe5bf8 method=java.lang.Long.getChars(JI[B)I @ 6 c2
Event: 3076.480 Thread 0x000002075be2e000 DEOPT PACKING pc=0x0000020749fe5bf8 sp=0x0000009d0ecf9d50
Event: 3076.480 Thread 0x000002075be2e000 DEOPT UNPACKING pc=0x0000020741d9a1af sp=0x0000009d0ecf9cc8 mode 2
Event: 3076.480 Thread 0x000002075be2e000 Uncommon trap: trap_request=0xffffff4d fr.pc=0x000002074a057424 relative=0x0000000000000184
Event: 3076.480 Thread 0x000002075be2e000 Uncommon trap: reason=unstable_if action=reinterpret pc=0x000002074a057424 method=java.lang.Long.stringSize(J)I @ 5 c2
Event: 3076.480 Thread 0x000002075be2e000 DEOPT PACKING pc=0x000002074a057424 sp=0x0000009d0ecf9d70
Event: 3076.480 Thread 0x000002075be2e000 DEOPT UNPACKING pc=0x0000020741d9a1af sp=0x0000009d0ecf9cf0 mode 2
Event: 3076.683 Thread 0x000002075be2e000 DEOPT PACKING pc=0x0000020742d40edf sp=0x0000009d0ecf6ec0
Event: 3076.683 Thread 0x000002075be2e000 DEOPT UNPACKING pc=0x0000020741d9a95e sp=0x0000009d0ecf6348 mode 0
Event: 3076.712 Thread 0x000002075be2e000 Uncommon trap: trap_request=0xffffff4d fr.pc=0x0000020749836118 relative=0x0000000000000258
Event: 3076.712 Thread 0x000002075be2e000 Uncommon trap: reason=unstable_if action=reinterpret pc=0x0000020749836118 method=java.lang.String.getChars(II[CI)V @ 23 c2
Event: 3076.712 Thread 0x000002075be2e000 DEOPT PACKING pc=0x0000020749836118 sp=0x0000009d0ecfa1d0
Event: 3076.712 Thread 0x000002075be2e000 DEOPT UNPACKING pc=0x0000020741d9a1af sp=0x0000009d0ecfa190 mode 2
Event: 3076.713 Thread 0x000002075be2e000 Uncommon trap: trap_request=0xffffff4d fr.pc=0x0000020749937608 relative=0x0000000000000268
Event: 3076.713 Thread 0x000002075be2e000 Uncommon trap: reason=unstable_if action=reinterpret pc=0x0000020749937608 method=java.lang.AbstractStringBuilder.appendChars([CII)V @ 43 c2
Event: 3076.713 Thread 0x000002075be2e000 DEOPT PACKING pc=0x0000020749937608 sp=0x0000009d0ecfa090
Event: 3076.713 Thread 0x000002075be2e000 DEOPT UNPACKING pc=0x0000020741d9a1af sp=0x0000009d0ecfa008 mode 2
Event: 3076.720 Thread 0x000002075be2e000 DEOPT PACKING pc=0x00000207423219bc sp=0x0000009d0ecf9ee0
Event: 3076.720 Thread 0x000002075be2e000 DEOPT UNPACKING pc=0x0000020741d9a95e sp=0x0000009d0ecf9340 mode 0

Classes redefined (0 events):
No events

Internal exceptions (20 events):
Event: 3074.613 Thread 0x0000020760e0e800 Exception <a 'sun/nio/fs/WindowsException'{0x000000008b2a5130}> (0x000000008b2a5130) thrown at [./src/hotspot/share/prims/jni.cpp, line 615]
Event: 3074.613 Thread 0x0000020760e0e800 Exception <a 'sun/nio/fs/WindowsException'{0x000000008b2a64f8}> (0x000000008b2a64f8) thrown at [./src/hotspot/share/prims/jni.cpp, line 615]
Event: 3074.613 Thread 0x0000020760e0e800 Exception <a 'sun/nio/fs/WindowsException'{0x000000008b2a78c0}> (0x000000008b2a78c0) thrown at [./src/hotspot/share/prims/jni.cpp, line 615]
Event: 3074.702 Thread 0x0000020760e0e800 Exception <a 'java/lang/NoSuchMethodError'{0x000000008aebb228}: 'java.lang.Object java.lang.invoke.Invokers$Holder.linkToTargetMethod(java.lang.Object, int, int, java.lang.Object)'> (0x000000008aebb228) thrown at [./src/hotspot/share/interpreter/linkResolver.cpp, line 773]
Event: 3075.009 Thread 0x0000020759ca1800 Exception <a 'java/lang/NoSuchMethodError'{0x000000008a24ec08}: <clinit>> (0x000000008a24ec08) thrown at [./src/hotspot/share/prims/jni.cpp, line 1365]
Event: 3075.011 Thread 0x0000020759ca1800 Exception <a 'java/lang/NoSuchMethodError'{0x000000008a260ff8}: <clinit>> (0x000000008a260ff8) thrown at [./src/hotspot/share/prims/jni.cpp, line 1365]
Event: 3075.014 Thread 0x0000020759ca1800 Exception <a 'java/lang/NoSuchMethodError'{0x000000008a27f140}: <clinit>> (0x000000008a27f140) thrown at [./src/hotspot/share/prims/jni.cpp, line 1365]
Event: 3075.033 Thread 0x0000020760e1b800 Exception <a 'java/lang/NoSuchMethodError'{0x000000008a162d28}: <clinit>> (0x000000008a162d28) thrown at [./src/hotspot/share/prims/jni.cpp, line 1365]
Event: 3075.034 Thread 0x0000020759c9d000 Exception <a 'java/lang/NoSuchMethodError'{0x000000008a16b798}: 'java.lang.Object java.lang.invoke.DirectMethodHandle$Holder.invokeInterface(java.lang.Object, java.lang.Object, int)'> (0x000000008a16b798) thrown at [./src/hotspot/share/interpreter/linkResolver.cpp, line 773]
Event: 3075.039 Thread 0x0000020759c9d000 Exception <a 'java/lang/NoSuchMethodError'{0x000000008a17e3c0}: 'void java.lang.invoke.DirectMethodHandle$Holder.invokeStatic(java.lang.Object, java.lang.Object, java.lang.Object, int)'> (0x000000008a17e3c0) thrown at [./src/hotspot/share/interpreter/linkResolver.cpp, line 773]
Event: 3075.190 Thread 0x0000020759c9d000 Implicit null exception at 0x0000020749b83477 to 0x0000020749b8360c
Event: 3075.206 Thread 0x0000020760e1b800 Exception <a 'java/lang/NoSuchMethodError'{0x0000000089d877f8}: <clinit>> (0x0000000089d877f8) thrown at [./src/hotspot/share/prims/jni.cpp, line 1365]
Event: 3075.220 Thread 0x0000020759c9d000 Exception <a 'sun/nio/fs/WindowsException'{0x0000000089db32d0}> (0x0000000089db32d0) thrown at [./src/hotspot/share/prims/jni.cpp, line 615]
Event: 3075.220 Thread 0x0000020759c9d000 Exception <a 'sun/nio/fs/WindowsException'{0x0000000089db4188}> (0x0000000089db4188) thrown at [./src/hotspot/share/prims/jni.cpp, line 615]
Event: 3075.300 Thread 0x000002075be2f000 Exception <a 'sun/nio/fs/WindowsException'{0x0000000089a25bc0}> (0x0000000089a25bc0) thrown at [./src/hotspot/share/prims/jni.cpp, line 615]
Event: 3075.991 Thread 0x0000020760e0e800 Exception <a 'java/lang/NoSuchMethodError'{0x000000008b9b31a8}: <clinit>> (0x000000008b9b31a8) thrown at [./src/hotspot/share/prims/jni.cpp, line 1365]
Event: 3076.167 Thread 0x000002075be2f000 Implicit null exception at 0x0000020749a0167d to 0x0000020749a0409c
Event: 3076.364 Thread 0x0000020760e1b800 Exception <a 'java/lang/NoSuchMethodError'{0x000000008ad12a40}: <clinit>> (0x000000008ad12a40) thrown at [./src/hotspot/share/prims/jni.cpp, line 1365]
Event: 3076.366 Thread 0x0000020760e1b800 Implicit null exception at 0x000002074a0cb343 to 0x000002074a0cbd28
Event: 3076.368 Thread 0x0000020760e1b800 Exception <a 'java/lang/NoSuchMethodError'{0x000000008ad34fc8}: <clinit>> (0x000000008ad34fc8) thrown at [./src/hotspot/share/prims/jni.cpp, line 1365]

Events (20 events):
Event: 3076.620 loading class com/android/resources/WideGamutColor done
Event: 3076.621 loading class com/android/resources/HighDynamicRange
Event: 3076.621 loading class com/android/resources/HighDynamicRange done
Event: 3076.622 loading class com/android/resources/ScreenOrientation
Event: 3076.622 loading class com/android/resources/ScreenOrientation done
Event: 3076.623 loading class com/android/resources/UiMode
Event: 3076.623 loading class com/android/resources/UiMode done
Event: 3076.624 loading class com/android/resources/NightMode
Event: 3076.624 loading class com/android/resources/NightMode done
Event: 3076.625 loading class com/android/resources/TouchScreen
Event: 3076.625 loading class com/android/resources/TouchScreen done
Event: 3076.626 loading class com/android/resources/KeyboardState
Event: 3076.626 loading class com/android/resources/KeyboardState done
Event: 3076.627 loading class com/android/resources/Keyboard
Event: 3076.627 loading class com/android/resources/Keyboard done
Event: 3076.627 loading class com/android/resources/NavigationState
Event: 3076.627 loading class com/android/resources/NavigationState done
Event: 3076.628 loading class com/android/resources/Navigation
Event: 3076.628 loading class com/android/resources/Navigation done
Event: 3077.102 Executing VM operation: G1CollectForAllocation


Dynamic libraries:
0x00007ff677c00000 - 0x00007ff677c0a000 	D:\Android\jre\bin\java.exe
0x00007ffd20910000 - 0x00007ffd20b08000 	C:\WINDOWS\SYSTEM32\ntdll.dll
0x00007ffd1fad0000 - 0x00007ffd1fb8f000 	C:\WINDOWS\System32\KERNEL32.DLL
0x00007ffd1e0a0000 - 0x00007ffd1e372000 	C:\WINDOWS\System32\KERNELBASE.dll
0x00007ffd1e480000 - 0x00007ffd1e580000 	C:\WINDOWS\System32\ucrtbase.dll
0x00007ffd19080000 - 0x00007ffd19099000 	D:\Android\jre\bin\jli.dll
0x00007ffd14d40000 - 0x00007ffd14d57000 	D:\Android\jre\bin\VCRUNTIME140.dll
0x00007ffd20720000 - 0x00007ffd208c1000 	C:\WINDOWS\System32\USER32.dll
0x00007ffd1d390000 - 0x00007ffd1d62a000 	C:\WINDOWS\WinSxS\amd64_microsoft.windows.common-controls_6595b64144ccf1df_6.0.19041.1110_none_60b5254171f9507e\COMCTL32.dll
0x00007ffd1e6e0000 - 0x00007ffd1e702000 	C:\WINDOWS\System32\win32u.dll
0x00007ffd1ebc0000 - 0x00007ffd1ec5e000 	C:\WINDOWS\System32\msvcrt.dll
0x00007ffd1ec60000 - 0x00007ffd1ec8b000 	C:\WINDOWS\System32\GDI32.dll
0x00007ffd1e5d0000 - 0x00007ffd1e6df000 	C:\WINDOWS\System32\gdi32full.dll
0x00007ffd1e000000 - 0x00007ffd1e09d000 	C:\WINDOWS\System32\msvcp_win.dll
0x00007ffd1eec0000 - 0x00007ffd1eef2000 	C:\WINDOWS\System32\IMM32.DLL
0x00007ffcf6910000 - 0x00007ffcf69ad000 	D:\Android\jre\bin\msvcp140.dll
0x00007ffc9aeb0000 - 0x00007ffc9b995000 	D:\Android\jre\bin\server\jvm.dll
0x00007ffd1ec90000 - 0x00007ffd1ed3e000 	C:\WINDOWS\System32\ADVAPI32.dll
0x00007ffd1f030000 - 0x00007ffd1f0cc000 	C:\WINDOWS\System32\sechost.dll
0x00007ffd1ef00000 - 0x00007ffd1f025000 	C:\WINDOWS\System32\RPCRT4.dll
0x00007ffd1f370000 - 0x00007ffd1f378000 	C:\WINDOWS\System32\PSAPI.DLL
0x00007ffd13b50000 - 0x00007ffd13b77000 	C:\WINDOWS\SYSTEM32\WINMM.dll
0x00007ffd14b80000 - 0x00007ffd14b89000 	C:\WINDOWS\SYSTEM32\WSOCK32.dll
0x00007ffd139c0000 - 0x00007ffd139ca000 	C:\WINDOWS\SYSTEM32\VERSION.dll
0x00007ffd1fbf0000 - 0x00007ffd1fc5b000 	C:\WINDOWS\System32\WS2_32.dll
0x00007ffd1c1e0000 - 0x00007ffd1c1f2000 	C:\WINDOWS\SYSTEM32\kernel.appcore.dll
0x00007ffd09d90000 - 0x00007ffd09da1000 	D:\Android\jre\bin\verify.dll
0x00007ffd1d920000 - 0x00007ffd1db04000 	C:\WINDOWS\SYSTEM32\DBGHELP.DLL
0x00007ffd1d740000 - 0x00007ffd1d775000 	C:\WINDOWS\SYSTEM32\dbgcore.DLL
0x00007ffd1e380000 - 0x00007ffd1e402000 	C:\WINDOWS\System32\bcryptPrimitives.dll
0x00007ffd096e0000 - 0x00007ffd09709000 	D:\Android\jre\bin\java.dll
0x00007ffd0c820000 - 0x00007ffd0c82b000 	D:\Android\jre\bin\jimage.dll
0x00007ffd09170000 - 0x00007ffd09188000 	D:\Android\jre\bin\zip.dll
0x00007ffd1f380000 - 0x00007ffd1fac5000 	C:\WINDOWS\System32\SHELL32.dll
0x00007ffd1b6d0000 - 0x00007ffd1be62000 	C:\WINDOWS\SYSTEM32\windows.storage.dll
0x00007ffd1fd70000 - 0x00007ffd200c5000 	C:\WINDOWS\System32\combase.dll
0x00007ffd1d2f0000 - 0x00007ffd1d320000 	C:\WINDOWS\SYSTEM32\Wldp.dll
0x00007ffd1e950000 - 0x00007ffd1e9fd000 	C:\WINDOWS\System32\SHCORE.dll
0x00007ffd20180000 - 0x00007ffd201d5000 	C:\WINDOWS\System32\shlwapi.dll
0x00007ffd1df40000 - 0x00007ffd1df5f000 	C:\WINDOWS\SYSTEM32\profapi.dll
0x00007ffd002d0000 - 0x00007ffd002ea000 	D:\Android\jre\bin\net.dll
0x00007ffd136e0000 - 0x00007ffd137ec000 	C:\WINDOWS\SYSTEM32\WINHTTP.dll
0x00007ffd1d050000 - 0x00007ffd1d0ba000 	C:\WINDOWS\system32\mswsock.dll
0x00007ffd002b0000 - 0x00007ffd002c4000 	D:\Android\jre\bin\nio.dll
0x00007ffd13190000 - 0x00007ffd131b7000 	C:\Users\HOME\.gradle\native\e1d6ef7f7dcc3fd88c89a11ec53ec762bb8ba0a96d01ffa2cd45eb1d1d8dd5c5\windows-amd64\native-platform.dll
0x00007ffce78b0000 - 0x00007ffce79f4000 	C:\Users\HOME\.gradle\native\5664cfc778a61ccfe75a443a1ab52a65af34e5dc3c78e0209fed803814484fcb\windows-amd64\native-platform-file-events.dll
0x00007ffd0a450000 - 0x00007ffd0a45a000 	D:\Android\jre\bin\management.dll
0x00007ffd09d80000 - 0x00007ffd09d8d000 	D:\Android\jre\bin\management_ext.dll
0x00007ffd1dcb0000 - 0x00007ffd1dcc8000 	C:\WINDOWS\SYSTEM32\CRYPTSP.dll
0x00007ffd1c9d0000 - 0x00007ffd1ca04000 	C:\WINDOWS\system32\rsaenh.dll
0x00007ffd1e870000 - 0x00007ffd1e897000 	C:\WINDOWS\System32\bcrypt.dll
0x00007ffd1df00000 - 0x00007ffd1df2e000 	C:\WINDOWS\SYSTEM32\USERENV.dll
0x00007ffd1d2e0000 - 0x00007ffd1d2ec000 	C:\WINDOWS\SYSTEM32\CRYPTBASE.dll
0x00007ffd1cd40000 - 0x00007ffd1cd7b000 	C:\WINDOWS\SYSTEM32\IPHLPAPI.DLL
0x00007ffd1f130000 - 0x00007ffd1f138000 	C:\WINDOWS\System32\NSI.dll
0x00007ffd13c30000 - 0x00007ffd13c47000 	C:\WINDOWS\SYSTEM32\dhcpcsvc6.DLL
0x00007ffd13d40000 - 0x00007ffd13d5d000 	C:\WINDOWS\SYSTEM32\dhcpcsvc.DLL
0x00007ffd1cd80000 - 0x00007ffd1ce4b000 	C:\WINDOWS\SYSTEM32\DNSAPI.dll
0x00007ffcebc70000 - 0x00007ffcebc97000 	D:\Android\jre\bin\sunec.dll
0x00007ffd0d9e0000 - 0x00007ffd0d9ea000 	C:\Windows\System32\rasadhlp.dll
0x00007ffd0da20000 - 0x00007ffd0daa0000 	C:\WINDOWS\System32\fwpuclnt.dll

dbghelp: loaded successfully - version: 4.0.5 - missing functions: none
symbol engine: initialized successfully - sym options: 0x614 - pdb path: .;D:\Android\jre\bin;C:\WINDOWS\SYSTEM32;C:\WINDOWS\WinSxS\amd64_microsoft.windows.common-controls_6595b64144ccf1df_6.0.19041.1110_none_60b5254171f9507e;D:\Android\jre\bin\server;C:\Users\HOME\.gradle\native\e1d6ef7f7dcc3fd88c89a11ec53ec762bb8ba0a96d01ffa2cd45eb1d1d8dd5c5\windows-amd64;C:\Users\HOME\.gradle\native\5664cfc778a61ccfe75a443a1ab52a65af34e5dc3c78e0209fed803814484fcb\windows-amd64

VM Arguments:
jvm_args: --add-opens=java.base/java.util=ALL-UNNAMED --add-opens=java.base/java.lang=ALL-UNNAMED --add-opens=java.base/java.lang.invoke=ALL-UNNAMED --add-opens=java.base/java.util=ALL-UNNAMED --add-opens=java.prefs/java.util.prefs=ALL-UNNAMED --add-opens=java.prefs/java.util.prefs=ALL-UNNAMED --add-opens=java.base/java.nio.charset=ALL-UNNAMED --add-opens=java.base/java.net=ALL-UNNAMED --add-opens=java.base/java.util.concurrent.atomic=ALL-UNNAMED -Xmx2048m -Dfile.encoding=UTF-8 -Duser.country=MX -Duser.language=es -Duser.variant 
java_command: org.gradle.launcher.daemon.bootstrap.GradleDaemon 7.3.3
java_class_path (initial): C:\Users\HOME\.gradle\wrapper\dists\gradle-7.3.3-bin\6a41zxkdtcxs8rphpq6y0069z\gradle-7.3.3\lib\gradle-launcher-7.3.3.jar
Launcher Type: SUN_STANDARD

[Global flags]
     intx CICompilerCount                          = 4                                         {product} {ergonomic}
     uint ConcGCThreads                            = 2                                         {product} {ergonomic}
     uint G1ConcRefinementThreads                  = 8                                         {product} {ergonomic}
   size_t G1HeapRegionSize                         = 1048576                                   {product} {ergonomic}
    uintx GCDrainStackTargetSize                   = 64                                        {product} {ergonomic}
   size_t InitialHeapSize                          = 117440512                                 {product} {ergonomic}
   size_t MarkStackSize                            = 4194304                                   {product} {ergonomic}
   size_t MaxHeapSize                              = 2147483648                                {product} {command line}
   size_t MaxNewSize                               = 1287651328                                {product} {ergonomic}
   size_t MinHeapDeltaBytes                        = 1048576                                   {product} {ergonomic}
    uintx NonNMethodCodeHeapSize                   = 5836300                                {pd product} {ergonomic}
    uintx NonProfiledCodeHeapSize                  = 122910970                              {pd product} {ergonomic}
    uintx ProfiledCodeHeapSize                     = 122910970                              {pd product} {ergonomic}
    uintx ReservedCodeCacheSize                    = 251658240                              {pd product} {ergonomic}
     bool SegmentedCodeCache                       = true                                      {product} {ergonomic}
     bool UseCompressedClassPointers               = true                                 {lp64_product} {ergonomic}
     bool UseCompressedOops                        = true                                 {lp64_product} {ergonomic}
     bool UseG1GC                                  = true                                      {product} {ergonomic}
     bool UseLargePagesIndividualAllocation        = false                                  {pd product} {ergonomic}

Logging:
Log output configuration:
 #0: stdout all=warning uptime,level,tags
 #1: stderr all=off uptime,level,tags

Environment Variables:
PATH=C:\WINDOWS\system32;C:\WINDOWS;C:\WINDOWS\System32\Wbem;C:\WINDOWS\System32\WindowsPowerShell\v1.0\;C:\WINDOWS\System32\OpenSSH\;C:\Program Files\Git\cmd;C:\Users\HOME\AppData\Local\Microsoft\WindowsApps;
USERNAME=HOME
OS=Windows_NT
PROCESSOR_IDENTIFIER=AMD64 Family 23 Model 24 Stepping 1, AuthenticAMD



---------------  S Y S T E M  ---------------

OS: Windows 10 , 64 bit Build 19041 (10.0.19041.2546)
OS uptime: 4 days 2:29 hours

CPU:total 8 (initial active 8) (8 cores per cpu, 2 threads per core) family 23 model 24 stepping 1 microcode 0x0, cmov, cx8, fxsr, mmx, sse, sse2, sse3, ssse3, sse4.1, sse4.2, popcnt, avx, avx2, aes, clmul, mmxext, 3dnowpref, lzcnt, sse4a, ht, tsc, tscinvbit, tscinv, bmi1, bmi2, adx, sha, fma

Memory: 4k page, system-wide physical 7103M (471M free)
TotalPageFile size 12653M (AvailPageFile size 2243M)
current process WorkingSet (physical memory assigned to process): 385M, peak: 474M
current process commit charge ("private bytes"): 545M, peak: 546M

vm_info: OpenJDK 64-Bit Server VM (11.0.12+7-b1504.28-7817840) for windows-amd64 JRE (11.0.12+7-b1504.28-7817840), built on Oct 13 2021 22:12:33 by "builder" with MS VC++ 14.0 (VS2015)

END.
